0 info it worked if it ends with ok
1 verbose cli [ '/usr/local/Cellar/node/7.7.2/bin/node',
1 verbose cli   '/usr/local/bin/npm',
1 verbose cli   'install',
1 verbose cli   'd3' ]
2 info using npm@4.1.2
3 info using node@v7.7.2
4 silly loadCurrentTree Starting
5 silly install loadCurrentTree
6 silly install readLocalPackageData
7 silly fetchPackageMetaData d3@^3.5.17
8 silly fetchNamedPackageData d3
9 silly mapToRegistry name d3
10 silly mapToRegistry using default registry
11 silly mapToRegistry registry https://registry.npmjs.org/
12 silly mapToRegistry data Result {
12 silly mapToRegistry   raw: 'd3',
12 silly mapToRegistry   scope: null,
12 silly mapToRegistry   escapedName: 'd3',
12 silly mapToRegistry   name: 'd3',
12 silly mapToRegistry   rawSpec: '',
12 silly mapToRegistry   spec: 'latest',
12 silly mapToRegistry   type: 'tag' }
13 silly mapToRegistry uri https://registry.npmjs.org/d3
14 verbose request uri https://registry.npmjs.org/d3
15 verbose request no auth needed
16 info attempt registry request try #1 at 10:24:12 AM
17 verbose request id 5214232e4e230257
18 verbose etag W/"592e7451-52b3e"
19 verbose lastModified Wed, 31 May 2017 07:44:17 GMT
20 http request GET https://registry.npmjs.org/d3
21 http 304 https://registry.npmjs.org/d3
22 verbose headers { date: 'Fri, 02 Jun 2017 17:23:25 GMT',
22 verbose headers   via: '1.1 varnish',
22 verbose headers   'cache-control': 'max-age=300',
22 verbose headers   etag: 'W/"592e7451-52b3e"',
22 verbose headers   age: '116',
22 verbose headers   connection: 'keep-alive',
22 verbose headers   'x-served-by': 'cache-sjc3631-SJC',
22 verbose headers   'x-cache': 'HIT',
22 verbose headers   'x-cache-hits': '1',
22 verbose headers   'x-timer': 'S1496424206.717556,VS0,VE1',
22 verbose headers   vary: 'Accept-Encoding' }
23 silly get cb [ 304,
23 silly get   { date: 'Fri, 02 Jun 2017 17:23:25 GMT',
23 silly get     via: '1.1 varnish',
23 silly get     'cache-control': 'max-age=300',
23 silly get     etag: 'W/"592e7451-52b3e"',
23 silly get     age: '116',
23 silly get     connection: 'keep-alive',
23 silly get     'x-served-by': 'cache-sjc3631-SJC',
23 silly get     'x-cache': 'HIT',
23 silly get     'x-cache-hits': '1',
23 silly get     'x-timer': 'S1496424206.717556,VS0,VE1',
23 silly get     vary: 'Accept-Encoding' } ]
24 verbose etag https://registry.npmjs.org/d3 from cache
25 verbose get saving d3 to /Users/fzhang/.npm/registry.npmjs.org/d3/.cache.json
26 verbose correctMkdir /Users/fzhang/.npm correctMkdir not in flight; initializing
27 silly pickManifestFromRegistryMetadata spec >=3.5.17 <4.0.0 tag latest versions [ '1.29.5',
27 silly pickManifestFromRegistryMetadata   '2.1.3',
27 silly pickManifestFromRegistryMetadata   '2.2.1',
27 silly pickManifestFromRegistryMetadata   '2.3.0',
27 silly pickManifestFromRegistryMetadata   '2.3.2',
27 silly pickManifestFromRegistryMetadata   '2.3.3',
27 silly pickManifestFromRegistryMetadata   '2.3.4',
27 silly pickManifestFromRegistryMetadata   '2.4.0',
27 silly pickManifestFromRegistryMetadata   '2.4.1',
27 silly pickManifestFromRegistryMetadata   '2.4.2',
27 silly pickManifestFromRegistryMetadata   '2.5.1',
27 silly pickManifestFromRegistryMetadata   '2.5.2',
27 silly pickManifestFromRegistryMetadata   '2.6.0',
27 silly pickManifestFromRegistryMetadata   '2.7.0',
27 silly pickManifestFromRegistryMetadata   '2.7.2',
27 silly pickManifestFromRegistryMetadata   '2.7.3',
27 silly pickManifestFromRegistryMetadata   '2.7.4',
27 silly pickManifestFromRegistryMetadata   '2.7.5',
27 silly pickManifestFromRegistryMetadata   '2.8.0',
27 silly pickManifestFromRegistryMetadata   '2.8.1',
27 silly pickManifestFromRegistryMetadata   '2.9.0',
27 silly pickManifestFromRegistryMetadata   '2.9.1',
27 silly pickManifestFromRegistryMetadata   '2.9.2',
27 silly pickManifestFromRegistryMetadata   '2.9.3',
27 silly pickManifestFromRegistryMetadata   '2.9.4',
27 silly pickManifestFromRegistryMetadata   '2.9.6',
27 silly pickManifestFromRegistryMetadata   '2.9.7',
27 silly pickManifestFromRegistryMetadata   '2.10.0',
27 silly pickManifestFromRegistryMetadata   '2.10.1',
27 silly pickManifestFromRegistryMetadata   '2.10.3',
27 silly pickManifestFromRegistryMetadata   '3.0.0',
27 silly pickManifestFromRegistryMetadata   '3.0.1',
27 silly pickManifestFromRegistryMetadata   '3.0.2',
27 silly pickManifestFromRegistryMetadata   '3.0.3',
27 silly pickManifestFromRegistryMetadata   '3.0.4',
27 silly pickManifestFromRegistryMetadata   '3.0.5',
27 silly pickManifestFromRegistryMetadata   '3.0.6',
27 silly pickManifestFromRegistryMetadata   '3.0.7',
27 silly pickManifestFromRegistryMetadata   '3.0.8',
27 silly pickManifestFromRegistryMetadata   '3.1.0',
27 silly pickManifestFromRegistryMetadata   '3.1.1',
27 silly pickManifestFromRegistryMetadata   '3.1.2',
27 silly pickManifestFromRegistryMetadata   '3.1.3',
27 silly pickManifestFromRegistryMetadata   '3.1.4',
27 silly pickManifestFromRegistryMetadata   '3.1.5',
27 silly pickManifestFromRegistryMetadata   '3.1.6',
27 silly pickManifestFromRegistryMetadata   '3.1.7',
27 silly pickManifestFromRegistryMetadata   '3.1.8',
27 silly pickManifestFromRegistryMetadata   '3.1.9',
27 silly pickManifestFromRegistryMetadata   '3.1.10',
27 silly pickManifestFromRegistryMetadata   '3.2.0',
27 silly pickManifestFromRegistryMetadata   '3.2.1',
27 silly pickManifestFromRegistryMetadata   '3.2.2',
27 silly pickManifestFromRegistryMetadata   '3.2.3',
27 silly pickManifestFromRegistryMetadata   '3.2.4',
27 silly pickManifestFromRegistryMetadata   '3.2.5',
27 silly pickManifestFromRegistryMetadata   '3.2.6',
27 silly pickManifestFromRegistryMetadata   '3.2.7',
27 silly pickManifestFromRegistryMetadata   '3.2.8',
27 silly pickManifestFromRegistryMetadata   '3.3.0',
27 silly pickManifestFromRegistryMetadata   '3.3.1',
27 silly pickManifestFromRegistryMetadata   '3.3.2',
27 silly pickManifestFromRegistryMetadata   '3.3.3',
27 silly pickManifestFromRegistryMetadata   '3.3.4',
27 silly pickManifestFromRegistryMetadata   '3.3.5',
27 silly pickManifestFromRegistryMetadata   '3.3.6',
27 silly pickManifestFromRegistryMetadata   '3.3.7',
27 silly pickManifestFromRegistryMetadata   '3.3.8',
27 silly pickManifestFromRegistryMetadata   '3.3.9',
27 silly pickManifestFromRegistryMetadata   '3.3.10',
27 silly pickManifestFromRegistryMetadata   '3.3.11',
27 silly pickManifestFromRegistryMetadata   '3.3.12',
27 silly pickManifestFromRegistryMetadata   '3.3.13',
27 silly pickManifestFromRegistryMetadata   '3.4.0',
27 silly pickManifestFromRegistryMetadata   '3.4.1',
27 silly pickManifestFromRegistryMetadata   '3.4.2',
27 silly pickManifestFromRegistryMetadata   '3.4.3',
27 silly pickManifestFromRegistryMetadata   '3.4.4',
27 silly pickManifestFromRegistryMetadata   '3.4.5',
27 silly pickManifestFromRegistryMetadata   '3.4.6',
27 silly pickManifestFromRegistryMetadata   '3.4.7',
27 silly pickManifestFromRegistryMetadata   '3.4.8',
27 silly pickManifestFromRegistryMetadata   '3.4.9',
27 silly pickManifestFromRegistryMetadata   '3.4.10',
27 silly pickManifestFromRegistryMetadata   '3.4.11',
27 silly pickManifestFromRegistryMetadata   '3.4.12',
27 silly pickManifestFromRegistryMetadata   '3.4.13',
27 silly pickManifestFromRegistryMetadata   '3.5.0',
27 silly pickManifestFromRegistryMetadata   '3.5.1',
27 silly pickManifestFromRegistryMetadata   '3.5.2',
27 silly pickManifestFromRegistryMetadata   '3.5.3',
27 silly pickManifestFromRegistryMetadata   '3.5.4',
27 silly pickManifestFromRegistryMetadata   '3.5.5',
27 silly pickManifestFromRegistryMetadata   '3.5.6',
27 silly pickManifestFromRegistryMetadata   '3.5.7',
27 silly pickManifestFromRegistryMetadata   '3.5.8',
27 silly pickManifestFromRegistryMetadata   '3.5.9',
27 silly pickManifestFromRegistryMetadata   '3.5.10',
27 silly pickManifestFromRegistryMetadata   '3.5.11',
27 silly pickManifestFromRegistryMetadata   '3.5.12',
27 silly pickManifestFromRegistryMetadata   ... 85 more items ]
28 silly install normalizeTree
29 silly loadCurrentTree Finishing
30 silly loadIdealTree Starting
31 silly install loadIdealTree
32 silly cloneCurrentTree Starting
33 silly install cloneCurrentTreeToIdealTree
34 silly cloneCurrentTree Finishing
35 silly loadShrinkwrap Starting
36 silly install loadShrinkwrap
37 silly loadShrinkwrap Finishing
38 silly loadAllDepsIntoIdealTree Starting
39 silly install loadAllDepsIntoIdealTree
40 silly resolveWithNewModule d3@3.5.17 checking installable status
41 silly cache add args [ 'd3@^3.5.17', null ]
42 verbose cache add spec d3@^3.5.17
43 silly cache add parsed spec Result {
43 silly cache add   raw: 'd3@^3.5.17',
43 silly cache add   scope: null,
43 silly cache add   escapedName: 'd3',
43 silly cache add   name: 'd3',
43 silly cache add   rawSpec: '^3.5.17',
43 silly cache add   spec: '>=3.5.17 <4.0.0',
43 silly cache add   type: 'range' }
44 silly addNamed d3@>=3.5.17 <4.0.0
45 verbose addNamed ">=3.5.17 <4.0.0" is a valid semver range for d3
46 silly addNameRange { name: 'd3', range: '>=3.5.17 <4.0.0', hasData: false }
47 silly mapToRegistry name d3
48 silly mapToRegistry using default registry
49 silly mapToRegistry registry https://registry.npmjs.org/
50 silly mapToRegistry data Result {
50 silly mapToRegistry   raw: 'd3',
50 silly mapToRegistry   scope: null,
50 silly mapToRegistry   escapedName: 'd3',
50 silly mapToRegistry   name: 'd3',
50 silly mapToRegistry   rawSpec: '',
50 silly mapToRegistry   spec: 'latest',
50 silly mapToRegistry   type: 'tag' }
51 silly mapToRegistry uri https://registry.npmjs.org/d3
52 verbose addNameRange registry:https://registry.npmjs.org/d3 not in flight; fetching
53 verbose get https://registry.npmjs.org/d3 not expired, no request
54 silly addNameRange number 2 { name: 'd3', range: '>=3.5.17 <4.0.0', hasData: true }
55 silly addNameRange versions [ 'd3',
55 silly addNameRange   [ '1.29.5',
55 silly addNameRange     '2.1.3',
55 silly addNameRange     '2.2.1',
55 silly addNameRange     '2.3.0',
55 silly addNameRange     '2.3.2',
55 silly addNameRange     '2.3.3',
55 silly addNameRange     '2.3.4',
55 silly addNameRange     '2.4.0',
55 silly addNameRange     '2.4.1',
55 silly addNameRange     '2.4.2',
55 silly addNameRange     '2.5.1',
55 silly addNameRange     '2.5.2',
55 silly addNameRange     '2.6.0',
55 silly addNameRange     '2.7.0',
55 silly addNameRange     '2.7.2',
55 silly addNameRange     '2.7.3',
55 silly addNameRange     '2.7.4',
55 silly addNameRange     '2.7.5',
55 silly addNameRange     '2.8.0',
55 silly addNameRange     '2.8.1',
55 silly addNameRange     '2.9.0',
55 silly addNameRange     '2.9.1',
55 silly addNameRange     '2.9.2',
55 silly addNameRange     '2.9.3',
55 silly addNameRange     '2.9.4',
55 silly addNameRange     '2.9.6',
55 silly addNameRange     '2.9.7',
55 silly addNameRange     '2.10.0',
55 silly addNameRange     '2.10.1',
55 silly addNameRange     '2.10.3',
55 silly addNameRange     '3.0.0',
55 silly addNameRange     '3.0.1',
55 silly addNameRange     '3.0.2',
55 silly addNameRange     '3.0.3',
55 silly addNameRange     '3.0.4',
55 silly addNameRange     '3.0.5',
55 silly addNameRange     '3.0.6',
55 silly addNameRange     '3.0.7',
55 silly addNameRange     '3.0.8',
55 silly addNameRange     '3.1.0',
55 silly addNameRange     '3.1.1',
55 silly addNameRange     '3.1.2',
55 silly addNameRange     '3.1.3',
55 silly addNameRange     '3.1.4',
55 silly addNameRange     '3.1.5',
55 silly addNameRange     '3.1.6',
55 silly addNameRange     '3.1.7',
55 silly addNameRange     '3.1.8',
55 silly addNameRange     '3.1.9',
55 silly addNameRange     '3.1.10',
55 silly addNameRange     '3.2.0',
55 silly addNameRange     '3.2.1',
55 silly addNameRange     '3.2.2',
55 silly addNameRange     '3.2.3',
55 silly addNameRange     '3.2.4',
55 silly addNameRange     '3.2.5',
55 silly addNameRange     '3.2.6',
55 silly addNameRange     '3.2.7',
55 silly addNameRange     '3.2.8',
55 silly addNameRange     '3.3.0',
55 silly addNameRange     '3.3.1',
55 silly addNameRange     '3.3.2',
55 silly addNameRange     '3.3.3',
55 silly addNameRange     '3.3.4',
55 silly addNameRange     '3.3.5',
55 silly addNameRange     '3.3.6',
55 silly addNameRange     '3.3.7',
55 silly addNameRange     '3.3.8',
55 silly addNameRange     '3.3.9',
55 silly addNameRange     '3.3.10',
55 silly addNameRange     '3.3.11',
55 silly addNameRange     '3.3.12',
55 silly addNameRange     '3.3.13',
55 silly addNameRange     '3.4.0',
55 silly addNameRange     '3.4.1',
55 silly addNameRange     '3.4.2',
55 silly addNameRange     '3.4.3',
55 silly addNameRange     '3.4.4',
55 silly addNameRange     '3.4.5',
55 silly addNameRange     '3.4.6',
55 silly addNameRange     '3.4.7',
55 silly addNameRange     '3.4.8',
55 silly addNameRange     '3.4.9',
55 silly addNameRange     '3.4.10',
55 silly addNameRange     '3.4.11',
55 silly addNameRange     '3.4.12',
55 silly addNameRange     '3.4.13',
55 silly addNameRange     '3.5.0',
55 silly addNameRange     '3.5.1',
55 silly addNameRange     '3.5.2',
55 silly addNameRange     '3.5.3',
55 silly addNameRange     '3.5.4',
55 silly addNameRange     '3.5.5',
55 silly addNameRange     '3.5.6',
55 silly addNameRange     '3.5.7',
55 silly addNameRange     '3.5.8',
55 silly addNameRange     '3.5.9',
55 silly addNameRange     '3.5.10',
55 silly addNameRange     '3.5.11',
55 silly addNameRange     '3.5.12',
55 silly addNameRange     ... 85 more items ] ]
56 silly pickManifestFromRegistryMetadata spec >=3.5.17 <4.0.0 tag latest versions [ '1.29.5',
56 silly pickManifestFromRegistryMetadata   '2.1.3',
56 silly pickManifestFromRegistryMetadata   '2.2.1',
56 silly pickManifestFromRegistryMetadata   '2.3.0',
56 silly pickManifestFromRegistryMetadata   '2.3.2',
56 silly pickManifestFromRegistryMetadata   '2.3.3',
56 silly pickManifestFromRegistryMetadata   '2.3.4',
56 silly pickManifestFromRegistryMetadata   '2.4.0',
56 silly pickManifestFromRegistryMetadata   '2.4.1',
56 silly pickManifestFromRegistryMetadata   '2.4.2',
56 silly pickManifestFromRegistryMetadata   '2.5.1',
56 silly pickManifestFromRegistryMetadata   '2.5.2',
56 silly pickManifestFromRegistryMetadata   '2.6.0',
56 silly pickManifestFromRegistryMetadata   '2.7.0',
56 silly pickManifestFromRegistryMetadata   '2.7.2',
56 silly pickManifestFromRegistryMetadata   '2.7.3',
56 silly pickManifestFromRegistryMetadata   '2.7.4',
56 silly pickManifestFromRegistryMetadata   '2.7.5',
56 silly pickManifestFromRegistryMetadata   '2.8.0',
56 silly pickManifestFromRegistryMetadata   '2.8.1',
56 silly pickManifestFromRegistryMetadata   '2.9.0',
56 silly pickManifestFromRegistryMetadata   '2.9.1',
56 silly pickManifestFromRegistryMetadata   '2.9.2',
56 silly pickManifestFromRegistryMetadata   '2.9.3',
56 silly pickManifestFromRegistryMetadata   '2.9.4',
56 silly pickManifestFromRegistryMetadata   '2.9.6',
56 silly pickManifestFromRegistryMetadata   '2.9.7',
56 silly pickManifestFromRegistryMetadata   '2.10.0',
56 silly pickManifestFromRegistryMetadata   '2.10.1',
56 silly pickManifestFromRegistryMetadata   '2.10.3',
56 silly pickManifestFromRegistryMetadata   '3.0.0',
56 silly pickManifestFromRegistryMetadata   '3.0.1',
56 silly pickManifestFromRegistryMetadata   '3.0.2',
56 silly pickManifestFromRegistryMetadata   '3.0.3',
56 silly pickManifestFromRegistryMetadata   '3.0.4',
56 silly pickManifestFromRegistryMetadata   '3.0.5',
56 silly pickManifestFromRegistryMetadata   '3.0.6',
56 silly pickManifestFromRegistryMetadata   '3.0.7',
56 silly pickManifestFromRegistryMetadata   '3.0.8',
56 silly pickManifestFromRegistryMetadata   '3.1.0',
56 silly pickManifestFromRegistryMetadata   '3.1.1',
56 silly pickManifestFromRegistryMetadata   '3.1.2',
56 silly pickManifestFromRegistryMetadata   '3.1.3',
56 silly pickManifestFromRegistryMetadata   '3.1.4',
56 silly pickManifestFromRegistryMetadata   '3.1.5',
56 silly pickManifestFromRegistryMetadata   '3.1.6',
56 silly pickManifestFromRegistryMetadata   '3.1.7',
56 silly pickManifestFromRegistryMetadata   '3.1.8',
56 silly pickManifestFromRegistryMetadata   '3.1.9',
56 silly pickManifestFromRegistryMetadata   '3.1.10',
56 silly pickManifestFromRegistryMetadata   '3.2.0',
56 silly pickManifestFromRegistryMetadata   '3.2.1',
56 silly pickManifestFromRegistryMetadata   '3.2.2',
56 silly pickManifestFromRegistryMetadata   '3.2.3',
56 silly pickManifestFromRegistryMetadata   '3.2.4',
56 silly pickManifestFromRegistryMetadata   '3.2.5',
56 silly pickManifestFromRegistryMetadata   '3.2.6',
56 silly pickManifestFromRegistryMetadata   '3.2.7',
56 silly pickManifestFromRegistryMetadata   '3.2.8',
56 silly pickManifestFromRegistryMetadata   '3.3.0',
56 silly pickManifestFromRegistryMetadata   '3.3.1',
56 silly pickManifestFromRegistryMetadata   '3.3.2',
56 silly pickManifestFromRegistryMetadata   '3.3.3',
56 silly pickManifestFromRegistryMetadata   '3.3.4',
56 silly pickManifestFromRegistryMetadata   '3.3.5',
56 silly pickManifestFromRegistryMetadata   '3.3.6',
56 silly pickManifestFromRegistryMetadata   '3.3.7',
56 silly pickManifestFromRegistryMetadata   '3.3.8',
56 silly pickManifestFromRegistryMetadata   '3.3.9',
56 silly pickManifestFromRegistryMetadata   '3.3.10',
56 silly pickManifestFromRegistryMetadata   '3.3.11',
56 silly pickManifestFromRegistryMetadata   '3.3.12',
56 silly pickManifestFromRegistryMetadata   '3.3.13',
56 silly pickManifestFromRegistryMetadata   '3.4.0',
56 silly pickManifestFromRegistryMetadata   '3.4.1',
56 silly pickManifestFromRegistryMetadata   '3.4.2',
56 silly pickManifestFromRegistryMetadata   '3.4.3',
56 silly pickManifestFromRegistryMetadata   '3.4.4',
56 silly pickManifestFromRegistryMetadata   '3.4.5',
56 silly pickManifestFromRegistryMetadata   '3.4.6',
56 silly pickManifestFromRegistryMetadata   '3.4.7',
56 silly pickManifestFromRegistryMetadata   '3.4.8',
56 silly pickManifestFromRegistryMetadata   '3.4.9',
56 silly pickManifestFromRegistryMetadata   '3.4.10',
56 silly pickManifestFromRegistryMetadata   '3.4.11',
56 silly pickManifestFromRegistryMetadata   '3.4.12',
56 silly pickManifestFromRegistryMetadata   '3.4.13',
56 silly pickManifestFromRegistryMetadata   '3.5.0',
56 silly pickManifestFromRegistryMetadata   '3.5.1',
56 silly pickManifestFromRegistryMetadata   '3.5.2',
56 silly pickManifestFromRegistryMetadata   '3.5.3',
56 silly pickManifestFromRegistryMetadata   '3.5.4',
56 silly pickManifestFromRegistryMetadata   '3.5.5',
56 silly pickManifestFromRegistryMetadata   '3.5.6',
56 silly pickManifestFromRegistryMetadata   '3.5.7',
56 silly pickManifestFromRegistryMetadata   '3.5.8',
56 silly pickManifestFromRegistryMetadata   '3.5.9',
56 silly pickManifestFromRegistryMetadata   '3.5.10',
56 silly pickManifestFromRegistryMetadata   '3.5.11',
56 silly pickManifestFromRegistryMetadata   '3.5.12',
56 silly pickManifestFromRegistryMetadata   ... 85 more items ]
57 silly addNamed d3@3.5.17
58 verbose addNamed "3.5.17" is a plain semver version for d3
59 silly cache afterAdd d3@3.5.17
60 verbose afterAdd /Users/fzhang/.npm/d3/3.5.17/package/package.json not in flight; writing
61 verbose correctMkdir /Users/fzhang/.npm correctMkdir not in flight; initializing
62 verbose afterAdd /Users/fzhang/.npm/d3/3.5.17/package/package.json written
63 silly loadAllDepsIntoIdealTree Finishing
64 silly loadIdealTree Finishing
65 silly currentTree wordcloud@1.0.0
65 silly currentTree ├── abbrev@1.1.0
65 silly currentTree ├── accepts@1.3.3
65 silly currentTree ├─┬ acorn-dynamic-import@2.0.2
65 silly currentTree │ └── acorn@4.0.13
65 silly currentTree ├─┬ acorn-jsx@3.0.1
65 silly currentTree │ └── acorn@3.3.0
65 silly currentTree ├── acorn@5.0.3
65 silly currentTree ├── ajv-keywords@1.5.1
65 silly currentTree ├── ajv@4.11.8
65 silly currentTree ├── align-text@0.1.4
65 silly currentTree ├── alphanum-sort@1.0.2
65 silly currentTree ├── ansi-escapes@1.4.0
65 silly currentTree ├── ansi-html@0.0.7
65 silly currentTree ├── ansi-regex@2.1.1
65 silly currentTree ├── ansi-styles@2.2.1
65 silly currentTree ├── anymatch@1.3.0
65 silly currentTree ├── argparse@1.0.9
65 silly currentTree ├── arr-diff@2.0.0
65 silly currentTree ├── arr-flatten@1.0.3
65 silly currentTree ├── array-flatten@1.1.1
65 silly currentTree ├── array-union@1.0.2
65 silly currentTree ├── array-uniq@1.0.3
65 silly currentTree ├── array-unique@0.2.1
65 silly currentTree ├── arrify@1.0.1
65 silly currentTree ├── asn1.js@4.9.1
65 silly currentTree ├── assert@1.4.1
65 silly currentTree ├── async-each@1.0.1
65 silly currentTree ├── async@2.4.1
65 silly currentTree ├── autoprefixer@6.7.7
65 silly currentTree ├── babel-code-frame@6.22.0
65 silly currentTree ├── babel-core@6.24.1
65 silly currentTree ├── babel-eslint@7.2.3
65 silly currentTree ├── babel-generator@6.24.1
65 silly currentTree ├── babel-helper-bindify-decorators@6.24.1
65 silly currentTree ├── babel-helper-builder-binary-assignment-operator-visitor@6.24.1
65 silly currentTree ├── babel-helper-call-delegate@6.24.1
65 silly currentTree ├── babel-helper-define-map@6.24.1
65 silly currentTree ├── babel-helper-explode-assignable-expression@6.24.1
65 silly currentTree ├── babel-helper-explode-class@6.24.1
65 silly currentTree ├── babel-helper-function-name@6.24.1
65 silly currentTree ├── babel-helper-get-function-arity@6.24.1
65 silly currentTree ├── babel-helper-hoist-variables@6.24.1
65 silly currentTree ├── babel-helper-optimise-call-expression@6.24.1
65 silly currentTree ├── babel-helper-regex@6.24.1
65 silly currentTree ├── babel-helper-remap-async-to-generator@6.24.1
65 silly currentTree ├── babel-helper-replace-supers@6.24.1
65 silly currentTree ├── babel-helpers@6.24.1
65 silly currentTree ├── babel-loader@6.4.1
65 silly currentTree ├── babel-messages@6.23.0
65 silly currentTree ├── babel-plugin-check-es2015-constants@6.22.0
65 silly currentTree ├── babel-plugin-syntax-async-functions@6.13.0
65 silly currentTree ├── babel-plugin-syntax-async-generators@6.13.0
65 silly currentTree ├── babel-plugin-syntax-class-properties@6.13.0
65 silly currentTree ├── babel-plugin-syntax-decorators@6.13.0
65 silly currentTree ├── babel-plugin-syntax-dynamic-import@6.18.0
65 silly currentTree ├── babel-plugin-syntax-exponentiation-operator@6.13.0
65 silly currentTree ├── babel-plugin-syntax-object-rest-spread@6.13.0
65 silly currentTree ├── babel-plugin-syntax-trailing-function-commas@6.22.0
65 silly currentTree ├── babel-plugin-transform-async-generator-functions@6.24.1
65 silly currentTree ├── babel-plugin-transform-async-to-generator@6.24.1
65 silly currentTree ├── babel-plugin-transform-class-properties@6.24.1
65 silly currentTree ├── babel-plugin-transform-decorators@6.24.1
65 silly currentTree ├── babel-plugin-transform-es2015-arrow-functions@6.22.0
65 silly currentTree ├── babel-plugin-transform-es2015-block-scoped-functions@6.22.0
65 silly currentTree ├── babel-plugin-transform-es2015-block-scoping@6.24.1
65 silly currentTree ├── babel-plugin-transform-es2015-classes@6.24.1
65 silly currentTree ├── babel-plugin-transform-es2015-computed-properties@6.24.1
65 silly currentTree ├── babel-plugin-transform-es2015-destructuring@6.23.0
65 silly currentTree ├── babel-plugin-transform-es2015-duplicate-keys@6.24.1
65 silly currentTree ├── babel-plugin-transform-es2015-for-of@6.23.0
65 silly currentTree ├── babel-plugin-transform-es2015-function-name@6.24.1
65 silly currentTree ├── babel-plugin-transform-es2015-literals@6.22.0
65 silly currentTree ├── babel-plugin-transform-es2015-modules-amd@6.24.1
65 silly currentTree ├── babel-plugin-transform-es2015-modules-commonjs@6.24.1
65 silly currentTree ├── babel-plugin-transform-es2015-modules-systemjs@6.24.1
65 silly currentTree ├── babel-plugin-transform-es2015-modules-umd@6.24.1
65 silly currentTree ├── babel-plugin-transform-es2015-object-super@6.24.1
65 silly currentTree ├── babel-plugin-transform-es2015-parameters@6.24.1
65 silly currentTree ├── babel-plugin-transform-es2015-shorthand-properties@6.24.1
65 silly currentTree ├── babel-plugin-transform-es2015-spread@6.22.0
65 silly currentTree ├── babel-plugin-transform-es2015-sticky-regex@6.24.1
65 silly currentTree ├── babel-plugin-transform-es2015-template-literals@6.22.0
65 silly currentTree ├── babel-plugin-transform-es2015-typeof-symbol@6.23.0
65 silly currentTree ├── babel-plugin-transform-es2015-unicode-regex@6.24.1
65 silly currentTree ├── babel-plugin-transform-exponentiation-operator@6.24.1
65 silly currentTree ├── babel-plugin-transform-object-rest-spread@6.23.0
65 silly currentTree ├── babel-plugin-transform-regenerator@6.24.1
65 silly currentTree ├── babel-plugin-transform-runtime@6.23.0
65 silly currentTree ├── babel-plugin-transform-strict-mode@6.24.1
65 silly currentTree ├─┬ babel-preset-env@1.5.1
65 silly currentTree │ └── browserslist@2.1.4
65 silly currentTree ├── babel-preset-stage-2@6.24.1
65 silly currentTree ├── babel-preset-stage-3@6.24.1
65 silly currentTree ├── babel-register@6.24.1
65 silly currentTree ├── babel-runtime@6.23.0
65 silly currentTree ├── babel-template@6.24.1
65 silly currentTree ├── babel-traverse@6.24.1
65 silly currentTree ├── babel-types@6.24.1
65 silly currentTree ├── babylon@6.17.1
65 silly currentTree ├── balanced-match@0.4.2
65 silly currentTree ├── base64-js@1.2.0
65 silly currentTree ├── big.js@3.1.3
65 silly currentTree ├── binary-extensions@1.8.0
65 silly currentTree ├── bluebird@2.11.0
65 silly currentTree ├── bn.js@4.11.6
65 silly currentTree ├── boolbase@1.0.0
65 silly currentTree ├── brace-expansion@1.1.7
65 silly currentTree ├── braces@1.8.5
65 silly currentTree ├── brorand@1.1.0
65 silly currentTree ├── browserify-aes@1.0.6
65 silly currentTree ├── browserify-cipher@1.0.0
65 silly currentTree ├── browserify-des@1.0.0
65 silly currentTree ├── browserify-rsa@4.0.1
65 silly currentTree ├── browserify-sign@4.0.4
65 silly currentTree ├── browserify-zlib@0.1.4
65 silly currentTree ├── browserslist@1.7.7
65 silly currentTree ├── buffer-shims@1.0.0
65 silly currentTree ├── buffer-xor@1.0.3
65 silly currentTree ├── buffer@4.9.1
65 silly currentTree ├── builtin-modules@1.1.1
65 silly currentTree ├── builtin-status-codes@3.0.0
65 silly currentTree ├── caller-path@0.1.0
65 silly currentTree ├── callsites@0.2.0
65 silly currentTree ├── camel-case@3.0.0
65 silly currentTree ├── camelcase@1.2.1
65 silly currentTree ├── caniuse-api@1.6.1
65 silly currentTree ├── caniuse-db@1.0.30000676
65 silly currentTree ├── caniuse-lite@1.0.30000676
65 silly currentTree ├── center-align@0.1.3
65 silly currentTree ├─┬ chalk@1.1.3
65 silly currentTree │ └── supports-color@2.0.0
65 silly currentTree ├─┬ chokidar@1.7.0
65 silly currentTree │ ├── is-extglob@1.0.0
65 silly currentTree │ └── is-glob@2.0.1
65 silly currentTree ├── cipher-base@1.0.3
65 silly currentTree ├── circular-json@0.3.1
65 silly currentTree ├── clap@1.1.3
65 silly currentTree ├── clean-css@4.1.3
65 silly currentTree ├── cli-cursor@1.0.2
65 silly currentTree ├── cli-spinners@1.0.0
65 silly currentTree ├── cli-width@2.1.0
65 silly currentTree ├─┬ cliui@2.1.0
65 silly currentTree │ └── wordwrap@0.0.2
65 silly currentTree ├── clone@1.0.2
65 silly currentTree ├── co@4.6.0
65 silly currentTree ├── coa@1.0.2
65 silly currentTree ├── code-point-at@1.1.0
65 silly currentTree ├── color-convert@1.9.0
65 silly currentTree ├── color-name@1.1.2
65 silly currentTree ├── color-string@0.3.0
65 silly currentTree ├── color@0.11.4
65 silly currentTree ├── colormin@1.1.2
65 silly currentTree ├── colors@1.1.2
65 silly currentTree ├── commander@2.9.0
65 silly currentTree ├── commondir@1.0.1
65 silly currentTree ├── concat-map@0.0.1
65 silly currentTree ├── concat-stream@1.6.0
65 silly currentTree ├── config-chain@1.1.11
65 silly currentTree ├── connect-history-api-fallback@1.3.0
65 silly currentTree ├── console-browserify@1.1.0
65 silly currentTree ├─┬ consolidate@0.14.5
65 silly currentTree │ └── bluebird@3.5.0
65 silly currentTree ├── constants-browserify@1.0.0
65 silly currentTree ├── content-disposition@0.5.2
65 silly currentTree ├── content-type@1.0.2
65 silly currentTree ├── convert-source-map@1.5.0
65 silly currentTree ├── cookie-signature@1.0.6
65 silly currentTree ├── cookie@0.3.1
65 silly currentTree ├── copy-webpack-plugin@4.0.1
65 silly currentTree ├── core-js@2.4.1
65 silly currentTree ├── core-util-is@1.0.2
65 silly currentTree ├─┬ cosmiconfig@2.1.3
65 silly currentTree │ └── minimist@1.2.0
65 silly currentTree ├── create-ecdh@4.0.0
65 silly currentTree ├── create-hash@1.1.3
65 silly currentTree ├── create-hmac@1.1.6
65 silly currentTree ├── crypto-browserify@3.11.0
65 silly currentTree ├── css-color-names@0.0.4
65 silly currentTree ├─┬ css-loader@0.28.4
65 silly currentTree │ └── loader-utils@1.1.0
65 silly currentTree ├─┬ css-select@1.2.0
65 silly currentTree │ └── domutils@1.5.1
65 silly currentTree ├─┬ css-selector-tokenizer@0.7.0
65 silly currentTree │ └── regexpu-core@1.0.0
65 silly currentTree ├── css-what@2.1.0
65 silly currentTree ├── cssesc@0.1.0
65 silly currentTree ├── cssnano@3.10.0
65 silly currentTree ├── csso@2.3.2
65 silly currentTree ├── d@1.0.0
65 silly currentTree ├── d3@3.5.17
65 silly currentTree ├── date-now@0.1.4
65 silly currentTree ├── de-indent@1.0.2
65 silly currentTree ├── debug@2.6.8
65 silly currentTree ├── decamelize@1.2.0
65 silly currentTree ├── deep-is@0.1.3
65 silly currentTree ├── defined@1.0.0
65 silly currentTree ├── del@2.2.2
65 silly currentTree ├── depd@1.1.0
65 silly currentTree ├── des.js@1.0.0
65 silly currentTree ├── destroy@1.0.4
65 silly currentTree ├── detect-indent@4.0.0
65 silly currentTree ├── diffie-hellman@5.0.2
65 silly currentTree ├── doctrine@2.0.0
65 silly currentTree ├─┬ dom-converter@0.1.4
65 silly currentTree │ └── utila@0.3.3
65 silly currentTree ├─┬ dom-serializer@0.1.0
65 silly currentTree │ └── domelementtype@1.1.3
65 silly currentTree ├── domain-browser@1.1.7
65 silly currentTree ├── domelementtype@1.3.0
65 silly currentTree ├── domhandler@2.4.1
65 silly currentTree ├── domutils@1.6.2
65 silly currentTree ├── duplexer@0.1.1
65 silly currentTree ├─┬ editorconfig@0.13.2
65 silly currentTree │ ├── bluebird@3.5.0
65 silly currentTree │ └── lru-cache@3.2.0
65 silly currentTree ├── ee-first@1.1.1
65 silly currentTree ├── ejs@2.5.6
65 silly currentTree ├── electron-to-chromium@1.3.13
65 silly currentTree ├── elliptic@6.4.0
65 silly currentTree ├── emojis-list@2.1.0
65 silly currentTree ├── encodeurl@1.0.1
65 silly currentTree ├── enhanced-resolve@3.1.0
65 silly currentTree ├── entities@1.1.1
65 silly currentTree ├── errno@0.1.4
65 silly currentTree ├── error-ex@1.3.1
65 silly currentTree ├── error-stack-parser@2.0.1
65 silly currentTree ├── es5-ext@0.10.21
65 silly currentTree ├── es6-iterator@2.0.1
65 silly currentTree ├── es6-map@0.1.5
65 silly currentTree ├── es6-set@0.1.5
65 silly currentTree ├── es6-symbol@3.1.1
65 silly currentTree ├── es6-weak-map@2.0.2
65 silly currentTree ├── escape-html@1.0.3
65 silly currentTree ├── escape-string-regexp@1.0.5
65 silly currentTree ├── escope@3.6.0
65 silly currentTree ├── eslint-config-standard@6.2.1
65 silly currentTree ├─┬ eslint-friendly-formatter@2.0.7
65 silly currentTree │ └── minimist@1.2.0
65 silly currentTree ├─┬ eslint-loader@1.7.1
65 silly currentTree │ └── loader-utils@1.1.0
65 silly currentTree ├── eslint-plugin-html@2.0.3
65 silly currentTree ├── eslint-plugin-promise@3.5.0
65 silly currentTree ├── eslint-plugin-standard@2.3.1
65 silly currentTree ├─┬ eslint@3.19.0
65 silly currentTree │ └── glob@7.1.2
65 silly currentTree ├── espree@3.4.3
65 silly currentTree ├── esprima@2.7.3
65 silly currentTree ├── esquery@1.0.0
65 silly currentTree ├─┬ esrecurse@4.1.0
65 silly currentTree │ └── estraverse@4.1.1
65 silly currentTree ├── estraverse@4.2.0
65 silly currentTree ├── esutils@2.0.2
65 silly currentTree ├── etag@1.8.0
65 silly currentTree ├── event-emitter@0.3.5
65 silly currentTree ├── eventemitter3@1.2.0
65 silly currentTree ├── events@1.1.1
65 silly currentTree ├── eventsource-polyfill@0.9.6
65 silly currentTree ├── evp_bytestokey@1.0.0
65 silly currentTree ├── exit-hook@1.1.1
65 silly currentTree ├── expand-brackets@0.1.5
65 silly currentTree ├── expand-range@1.8.2
65 silly currentTree ├─┬ express@4.15.3
65 silly currentTree │ └── debug@2.6.7
65 silly currentTree ├── extend@3.0.1
65 silly currentTree ├─┬ extglob@0.3.2
65 silly currentTree │ └── is-extglob@1.0.0
65 silly currentTree ├─┬ extract-text-webpack-plugin@2.1.0
65 silly currentTree │ └── loader-utils@1.1.0
65 silly currentTree ├── fast-levenshtein@2.0.6
65 silly currentTree ├── fastparse@1.1.1
65 silly currentTree ├── figures@1.7.0
65 silly currentTree ├── file-entry-cache@2.0.0
65 silly currentTree ├─┬ file-loader@0.11.1
65 silly currentTree │ └── loader-utils@1.1.0
65 silly currentTree ├── filename-regex@2.0.1
65 silly currentTree ├── filesize@3.5.10
65 silly currentTree ├── fill-range@2.2.3
65 silly currentTree ├─┬ finalhandler@1.0.3
65 silly currentTree │ └── debug@2.6.7
65 silly currentTree ├── find-cache-dir@0.1.1
65 silly currentTree ├── find-up@1.1.2
65 silly currentTree ├── flat-cache@1.2.2
65 silly currentTree ├── flatten@1.0.2
65 silly currentTree ├── for-in@1.0.2
65 silly currentTree ├── for-own@0.1.5
65 silly currentTree ├── forwarded@0.1.0
65 silly currentTree ├── fresh@0.5.0
65 silly currentTree ├── friendly-errors-webpack-plugin@1.6.1
65 silly currentTree ├── fs-extra@0.26.7
65 silly currentTree ├── fs.realpath@1.0.0
65 silly currentTree ├─┬ fsevents@1.1.1
65 silly currentTree │ ├── abbrev@1.1.0
65 silly currentTree │ ├── ansi-regex@2.1.1
65 silly currentTree │ ├── ansi-styles@2.2.1
65 silly currentTree │ ├── aproba@1.1.1
65 silly currentTree │ ├── are-we-there-yet@1.1.2
65 silly currentTree │ ├── asn1@0.2.3
65 silly currentTree │ ├── assert-plus@0.2.0
65 silly currentTree │ ├── asynckit@0.4.0
65 silly currentTree │ ├── aws-sign2@0.6.0
65 silly currentTree │ ├── aws4@1.6.0
65 silly currentTree │ ├── balanced-match@0.4.2
65 silly currentTree │ ├── bcrypt-pbkdf@1.0.1
65 silly currentTree │ ├── block-stream@0.0.9
65 silly currentTree │ ├── boom@2.10.1
65 silly currentTree │ ├── brace-expansion@1.1.6
65 silly currentTree │ ├── buffer-shims@1.0.0
65 silly currentTree │ ├── caseless@0.11.0
65 silly currentTree │ ├── chalk@1.1.3
65 silly currentTree │ ├── code-point-at@1.1.0
65 silly currentTree │ ├── combined-stream@1.0.5
65 silly currentTree │ ├── commander@2.9.0
65 silly currentTree │ ├── concat-map@0.0.1
65 silly currentTree │ ├── console-control-strings@1.1.0
65 silly currentTree │ ├── core-util-is@1.0.2
65 silly currentTree │ ├── cryptiles@2.0.5
65 silly currentTree │ ├─┬ dashdash@1.14.1
65 silly currentTree │ │ └── assert-plus@1.0.0
65 silly currentTree │ ├── debug@2.2.0
65 silly currentTree │ ├── deep-extend@0.4.1
65 silly currentTree │ ├── delayed-stream@1.0.0
65 silly currentTree │ ├── delegates@1.0.0
65 silly currentTree │ ├── ecc-jsbn@0.1.1
65 silly currentTree │ ├── escape-string-regexp@1.0.5
65 silly currentTree │ ├── extend@3.0.0
65 silly currentTree │ ├── extsprintf@1.0.2
65 silly currentTree │ ├── forever-agent@0.6.1
65 silly currentTree │ ├── form-data@2.1.2
65 silly currentTree │ ├── fs.realpath@1.0.0
65 silly currentTree │ ├── fstream-ignore@1.0.5
65 silly currentTree │ ├── fstream@1.0.10
65 silly currentTree │ ├── gauge@2.7.3
65 silly currentTree │ ├── generate-function@2.0.0
65 silly currentTree │ ├── generate-object-property@1.2.0
65 silly currentTree │ ├─┬ getpass@0.1.6
65 silly currentTree │ │ └── assert-plus@1.0.0
65 silly currentTree │ ├── glob@7.1.1
65 silly currentTree │ ├── graceful-fs@4.1.11
65 silly currentTree │ ├── graceful-readlink@1.0.1
65 silly currentTree │ ├── har-validator@2.0.6
65 silly currentTree │ ├── has-ansi@2.0.0
65 silly currentTree │ ├── has-unicode@2.0.1
65 silly currentTree │ ├── hawk@3.1.3
65 silly currentTree │ ├── hoek@2.16.3
65 silly currentTree │ ├── http-signature@1.1.1
65 silly currentTree │ ├── inflight@1.0.6
65 silly currentTree │ ├── inherits@2.0.3
65 silly currentTree │ ├── ini@1.3.4
65 silly currentTree │ ├── is-fullwidth-code-point@1.0.0
65 silly currentTree │ ├── is-my-json-valid@2.15.0
65 silly currentTree │ ├── is-property@1.0.2
65 silly currentTree │ ├── is-typedarray@1.0.0
65 silly currentTree │ ├── isarray@1.0.0
65 silly currentTree │ ├── isstream@0.1.2
65 silly currentTree │ ├── jodid25519@1.0.2
65 silly currentTree │ ├── jsbn@0.1.1
65 silly currentTree │ ├── json-schema@0.2.3
65 silly currentTree │ ├── json-stringify-safe@5.0.1
65 silly currentTree │ ├── jsonpointer@4.0.1
65 silly currentTree │ ├── jsprim@1.3.1
65 silly currentTree │ ├── mime-db@1.26.0
65 silly currentTree │ ├── mime-types@2.1.14
65 silly currentTree │ ├── minimatch@3.0.3
65 silly currentTree │ ├── minimist@0.0.8
65 silly currentTree │ ├── mkdirp@0.5.1
65 silly currentTree │ ├── ms@0.7.1
65 silly currentTree │ ├── node-pre-gyp@0.6.33
65 silly currentTree │ ├── nopt@3.0.6
65 silly currentTree │ ├── npmlog@4.0.2
65 silly currentTree │ ├── number-is-nan@1.0.1
65 silly currentTree │ ├── oauth-sign@0.8.2
65 silly currentTree │ ├── object-assign@4.1.1
65 silly currentTree │ ├── once@1.4.0
65 silly currentTree │ ├── path-is-absolute@1.0.1
65 silly currentTree │ ├── pinkie-promise@2.0.1
65 silly currentTree │ ├── pinkie@2.0.4
65 silly currentTree │ ├── process-nextick-args@1.0.7
65 silly currentTree │ ├── punycode@1.4.1
65 silly currentTree │ ├── qs@6.3.1
65 silly currentTree │ ├─┬ rc@1.1.7
65 silly currentTree │ │ └── minimist@1.2.0
65 silly currentTree │ ├── readable-stream@2.2.2
65 silly currentTree │ ├── request@2.79.0
65 silly currentTree │ ├── rimraf@2.5.4
65 silly currentTree │ ├── semver@5.3.0
65 silly currentTree │ ├── set-blocking@2.0.0
65 silly currentTree │ ├── signal-exit@3.0.2
65 silly currentTree │ ├── sntp@1.0.9
65 silly currentTree │ ├─┬ sshpk@1.10.2
65 silly currentTree │ │ └── assert-plus@1.0.0
65 silly currentTree │ ├── string_decoder@0.10.31
65 silly currentTree │ ├── string-width@1.0.2
65 silly currentTree │ ├── stringstream@0.0.5
65 silly currentTree │ ├── strip-ansi@3.0.1
65 silly currentTree │ ├── strip-json-comments@2.0.1
65 silly currentTree │ ├── supports-color@2.0.0
65 silly currentTree │ ├─┬ tar-pack@3.3.0
65 silly currentTree │ │ ├── once@1.3.3
65 silly currentTree │ │ └── readable-stream@2.1.5
65 silly currentTree │ ├── tar@2.2.1
65 silly currentTree │ ├── tough-cookie@2.3.2
65 silly currentTree │ ├── tunnel-agent@0.4.3
65 silly currentTree │ ├── tweetnacl@0.14.5
65 silly currentTree │ ├── uid-number@0.0.6
65 silly currentTree │ ├── util-deprecate@1.0.2
65 silly currentTree │ ├── uuid@3.0.1
65 silly currentTree │ ├── verror@1.3.6
65 silly currentTree │ ├── wide-align@1.1.0
65 silly currentTree │ ├── wrappy@1.0.2
65 silly currentTree │ └── xtend@4.0.1
65 silly currentTree ├── function-bind@1.1.0
65 silly currentTree ├── generate-function@2.0.0
65 silly currentTree ├── generate-object-property@1.2.0
65 silly currentTree ├── get-caller-file@1.0.2
65 silly currentTree ├─┬ glob-base@0.3.0
65 silly currentTree │ ├── is-extglob@1.0.0
65 silly currentTree │ └── is-glob@2.0.1
65 silly currentTree ├─┬ glob-parent@2.0.0
65 silly currentTree │ ├── is-extglob@1.0.0
65 silly currentTree │ └── is-glob@2.0.1
65 silly currentTree ├── glob@6.0.4
65 silly currentTree ├── globals@9.17.0
65 silly currentTree ├─┬ globby@5.0.0
65 silly currentTree │ └── glob@7.1.2
65 silly currentTree ├── graceful-fs@4.1.11
65 silly currentTree ├── graceful-readlink@1.0.1
65 silly currentTree ├── gzip-size@3.0.0
65 silly currentTree ├── has-ansi@2.0.0
65 silly currentTree ├── has-flag@1.0.0
65 silly currentTree ├── has@1.0.1
65 silly currentTree ├── hash-base@2.0.2
65 silly currentTree ├── hash-sum@1.0.2
65 silly currentTree ├── hash.js@1.0.3
65 silly currentTree ├── he@1.1.1
65 silly currentTree ├── hmac-drbg@1.0.1
65 silly currentTree ├── home-or-tmp@2.0.0
65 silly currentTree ├── hosted-git-info@2.4.2
65 silly currentTree ├── html-comment-regex@1.1.1
65 silly currentTree ├── html-entities@1.2.1
65 silly currentTree ├── html-minifier@3.5.2
65 silly currentTree ├─┬ html-webpack-plugin@2.28.0
65 silly currentTree │ └── bluebird@3.5.0
65 silly currentTree ├── htmlparser2@3.9.2
65 silly currentTree ├── http-errors@1.6.1
65 silly currentTree ├── http-proxy-middleware@0.17.4
65 silly currentTree ├── http-proxy@1.16.2
65 silly currentTree ├── https-browserify@0.0.1
65 silly currentTree ├── icss-replace-symbols@1.1.0
65 silly currentTree ├─┬ icss-utils@2.1.0
65 silly currentTree │ └── postcss@6.0.1
65 silly currentTree ├── ieee754@1.1.8
65 silly currentTree ├── ignore@3.3.3
65 silly currentTree ├── imurmurhash@0.1.4
65 silly currentTree ├── indexes-of@1.0.1
65 silly currentTree ├── indexof@0.0.1
65 silly currentTree ├── inflight@1.0.6
65 silly currentTree ├── inherits@2.0.3
65 silly currentTree ├── ini@1.3.4
65 silly currentTree ├── inquirer@0.12.0
65 silly currentTree ├── interpret@1.0.3
65 silly currentTree ├── invariant@2.2.2
65 silly currentTree ├── invert-kv@1.0.0
65 silly currentTree ├── ipaddr.js@1.3.0
65 silly currentTree ├── is-absolute-url@2.1.0
65 silly currentTree ├── is-arrayish@0.2.1
65 silly currentTree ├── is-binary-path@1.0.1
65 silly currentTree ├── is-buffer@1.1.5
65 silly currentTree ├── is-builtin-module@1.0.0
65 silly currentTree ├── is-directory@0.3.1
65 silly currentTree ├── is-dotfile@1.0.3
65 silly currentTree ├── is-equal-shallow@0.1.3
65 silly currentTree ├── is-extendable@0.1.1
65 silly currentTree ├── is-extglob@2.1.1
65 silly currentTree ├── is-finite@1.0.2
65 silly currentTree ├── is-fullwidth-code-point@1.0.0
65 silly currentTree ├── is-glob@3.1.0
65 silly currentTree ├── is-my-json-valid@2.16.0
65 silly currentTree ├── is-number@2.1.0
65 silly currentTree ├── is-path-cwd@1.0.0
65 silly currentTree ├── is-path-in-cwd@1.0.0
65 silly currentTree ├── is-path-inside@1.0.0
65 silly currentTree ├── is-plain-obj@1.1.0
65 silly currentTree ├── is-posix-bracket@0.1.1
65 silly currentTree ├── is-primitive@2.0.0
65 silly currentTree ├── is-property@1.0.2
65 silly currentTree ├── is-resolvable@1.0.0
65 silly currentTree ├── is-svg@2.1.0
65 silly currentTree ├── is-utf8@0.2.1
65 silly currentTree ├── isarray@1.0.0
65 silly currentTree ├── isobject@2.1.0
65 silly currentTree ├── js-base64@2.1.9
65 silly currentTree ├── js-beautify@1.6.14
65 silly currentTree ├── js-tokens@3.0.1
65 silly currentTree ├── js-yaml@3.7.0
65 silly currentTree ├── jsesc@1.3.0
65 silly currentTree ├── json-loader@0.5.4
65 silly currentTree ├── json-stable-stringify@1.0.1
65 silly currentTree ├── json5@0.5.1
65 silly currentTree ├── jsonfile@2.4.0
65 silly currentTree ├── jsonify@0.0.0
65 silly currentTree ├── jsonpointer@4.0.1
65 silly currentTree ├── kind-of@3.2.2
65 silly currentTree ├── klaw@1.3.1
65 silly currentTree ├── lazy-cache@1.0.4
65 silly currentTree ├── lcid@1.0.0
65 silly currentTree ├── levn@0.3.0
65 silly currentTree ├─┬ load-json-file@1.1.0
65 silly currentTree │ └── strip-bom@2.0.0
65 silly currentTree ├── loader-fs-cache@1.0.1
65 silly currentTree ├── loader-runner@2.3.0
65 silly currentTree ├── loader-utils@0.2.17
65 silly currentTree ├── lodash.camelcase@4.3.0
65 silly currentTree ├── lodash.memoize@4.1.2
65 silly currentTree ├── lodash.uniq@4.5.0
65 silly currentTree ├── lodash@4.17.4
65 silly currentTree ├── log-symbols@1.0.2
65 silly currentTree ├── longest@1.0.1
65 silly currentTree ├── loose-envify@1.3.1
65 silly currentTree ├── lower-case@1.1.4
65 silly currentTree ├── lru-cache@4.0.2
65 silly currentTree ├── macaddress@0.2.8
65 silly currentTree ├── math-expression-evaluator@1.2.17
65 silly currentTree ├── media-typer@0.3.0
65 silly currentTree ├── memory-fs@0.4.1
65 silly currentTree ├── merge-descriptors@1.0.1
65 silly currentTree ├── methods@1.1.2
65 silly currentTree ├─┬ micromatch@2.3.11
65 silly currentTree │ ├── is-extglob@1.0.0
65 silly currentTree │ └── is-glob@2.0.1
65 silly currentTree ├── miller-rabin@4.0.0
65 silly currentTree ├── mime-db@1.27.0
65 silly currentTree ├── mime-types@2.1.15
65 silly currentTree ├── mime@1.3.4
65 silly currentTree ├── mimic-fn@1.1.0
65 silly currentTree ├── minimalistic-assert@1.0.0
65 silly currentTree ├── minimalistic-crypto-utils@1.0.1
65 silly currentTree ├── minimatch@3.0.4
65 silly currentTree ├── minimist@0.0.8
65 silly currentTree ├── mkdirp@0.5.1
65 silly currentTree ├── ms@2.0.0
65 silly currentTree ├── mute-stream@0.0.5
65 silly currentTree ├── nan@2.6.2
65 silly currentTree ├── natural-compare@1.4.0
65 silly currentTree ├── ncname@1.0.0
65 silly currentTree ├── negotiator@0.6.1
65 silly currentTree ├── no-case@2.3.1
65 silly currentTree ├── node-dir@0.1.17
65 silly currentTree ├─┬ node-libs-browser@2.0.0
65 silly currentTree │ └── string_decoder@0.10.31
65 silly currentTree ├── nopt@3.0.6
65 silly currentTree ├── normalize-package-data@2.3.8
65 silly currentTree ├── normalize-path@2.1.1
65 silly currentTree ├── normalize-range@0.1.2
65 silly currentTree ├── normalize-url@1.9.1
65 silly currentTree ├── nth-check@1.0.1
65 silly currentTree ├── num2fraction@1.2.2
65 silly currentTree ├── number-is-nan@1.0.1
65 silly currentTree ├── object-assign@4.1.1
65 silly currentTree ├── object-hash@1.1.8
65 silly currentTree ├── object.omit@2.0.1
65 silly currentTree ├── on-finished@2.3.0
65 silly currentTree ├── once@1.4.0
65 silly currentTree ├── onetime@1.1.0
65 silly currentTree ├── opener@1.4.3
65 silly currentTree ├── opn@4.0.2
65 silly currentTree ├── optimize-css-assets-webpack-plugin@1.3.2
65 silly currentTree ├── optionator@0.8.2
65 silly currentTree ├─┬ ora@1.2.0
65 silly currentTree │ ├── cli-cursor@2.1.0
65 silly currentTree │ ├── onetime@2.0.1
65 silly currentTree │ └── restore-cursor@2.0.0
65 silly currentTree ├── os-browserify@0.2.1
65 silly currentTree ├── os-homedir@1.0.2
65 silly currentTree ├── os-locale@1.4.0
65 silly currentTree ├── os-tmpdir@1.0.2
65 silly currentTree ├── pako@0.2.9
65 silly currentTree ├── param-case@2.1.1
65 silly currentTree ├── parse-asn1@5.1.0
65 silly currentTree ├─┬ parse-glob@3.0.4
65 silly currentTree │ ├── is-extglob@1.0.0
65 silly currentTree │ └── is-glob@2.0.1
65 silly currentTree ├── parse-json@2.2.0
65 silly currentTree ├── parseurl@1.3.1
65 silly currentTree ├── path-browserify@0.0.0
65 silly currentTree ├── path-exists@2.1.0
65 silly currentTree ├── path-is-absolute@1.0.1
65 silly currentTree ├── path-is-inside@1.0.2
65 silly currentTree ├── path-parse@1.0.5
65 silly currentTree ├── path-to-regexp@0.1.7
65 silly currentTree ├── path-type@1.1.0
65 silly currentTree ├── pbkdf2@3.0.12
65 silly currentTree ├── pify@2.3.0
65 silly currentTree ├── pinkie-promise@2.0.1
65 silly currentTree ├── pinkie@2.0.4
65 silly currentTree ├── pkg-dir@1.0.0
65 silly currentTree ├── pluralize@1.2.1
65 silly currentTree ├── postcss-calc@5.3.1
65 silly currentTree ├── postcss-colormin@2.2.2
65 silly currentTree ├── postcss-convert-values@2.6.1
65 silly currentTree ├── postcss-discard-comments@2.0.4
65 silly currentTree ├── postcss-discard-duplicates@2.1.0
65 silly currentTree ├── postcss-discard-empty@2.1.0
65 silly currentTree ├── postcss-discard-overridden@0.1.1
65 silly currentTree ├── postcss-discard-unused@2.2.3
65 silly currentTree ├── postcss-filter-plugins@2.0.2
65 silly currentTree ├── postcss-load-config@1.2.0
65 silly currentTree ├── postcss-load-options@1.2.0
65 silly currentTree ├── postcss-load-plugins@2.3.0
65 silly currentTree ├── postcss-merge-idents@2.1.7
65 silly currentTree ├── postcss-merge-longhand@2.0.2
65 silly currentTree ├── postcss-merge-rules@2.1.2
65 silly currentTree ├── postcss-message-helpers@2.0.0
65 silly currentTree ├── postcss-minify-font-values@1.0.5
65 silly currentTree ├── postcss-minify-gradients@1.0.5
65 silly currentTree ├── postcss-minify-params@1.2.2
65 silly currentTree ├── postcss-minify-selectors@2.1.1
65 silly currentTree ├─┬ postcss-modules-extract-imports@1.1.0
65 silly currentTree │ └── postcss@6.0.1
65 silly currentTree ├─┬ postcss-modules-local-by-default@1.2.0
65 silly currentTree │ └── postcss@6.0.1
65 silly currentTree ├─┬ postcss-modules-scope@1.1.0
65 silly currentTree │ └── postcss@6.0.1
65 silly currentTree ├─┬ postcss-modules-values@1.3.0
65 silly currentTree │ └── postcss@6.0.1
65 silly currentTree ├── postcss-normalize-charset@1.1.1
65 silly currentTree ├── postcss-normalize-url@3.0.8
65 silly currentTree ├── postcss-ordered-values@2.2.3
65 silly currentTree ├── postcss-reduce-idents@2.4.0
65 silly currentTree ├── postcss-reduce-initial@1.0.1
65 silly currentTree ├── postcss-reduce-transforms@1.0.4
65 silly currentTree ├── postcss-selector-parser@2.2.3
65 silly currentTree ├── postcss-svgo@2.1.6
65 silly currentTree ├── postcss-unique-selectors@2.0.2
65 silly currentTree ├── postcss-value-parser@3.3.0
65 silly currentTree ├── postcss-zindex@2.2.0
65 silly currentTree ├── postcss@5.2.17
65 silly currentTree ├── prelude-ls@1.1.2
65 silly currentTree ├── prepend-http@1.0.4
65 silly currentTree ├── preserve@0.2.0
65 silly currentTree ├── pretty-error@2.1.0
65 silly currentTree ├── private@0.1.7
65 silly currentTree ├── process-nextick-args@1.0.7
65 silly currentTree ├── process@0.11.10
65 silly currentTree ├── progress@1.1.8
65 silly currentTree ├── proto-list@1.2.4
65 silly currentTree ├── proxy-addr@1.1.4
65 silly currentTree ├── prr@0.0.0
65 silly currentTree ├── pseudomap@1.0.2
65 silly currentTree ├── public-encrypt@4.0.0
65 silly currentTree ├── punycode@1.4.1
65 silly currentTree ├── q@1.5.0
65 silly currentTree ├── qs@6.4.0
65 silly currentTree ├── query-string@4.3.4
65 silly currentTree ├── querystring-es3@0.2.1
65 silly currentTree ├── querystring@0.2.0
65 silly currentTree ├── randomatic@1.1.6
65 silly currentTree ├── randombytes@2.0.3
65 silly currentTree ├── range-parser@1.2.0
65 silly currentTree ├── read-pkg-up@1.0.1
65 silly currentTree ├── read-pkg@1.1.0
65 silly currentTree ├── readable-stream@2.2.9
65 silly currentTree ├── readdirp@2.1.0
65 silly currentTree ├── readline2@1.0.1
65 silly currentTree ├── rechoir@0.6.2
65 silly currentTree ├── reduce-css-calc@1.3.0
65 silly currentTree ├── reduce-function-call@1.0.2
65 silly currentTree ├── regenerate@1.3.2
65 silly currentTree ├── regenerator-runtime@0.10.5
65 silly currentTree ├── regenerator-transform@0.9.11
65 silly currentTree ├── regex-cache@0.4.3
65 silly currentTree ├── regexpu-core@2.0.0
65 silly currentTree ├── regjsgen@0.2.0
65 silly currentTree ├─┬ regjsparser@0.1.5
65 silly currentTree │ └── jsesc@0.5.0
65 silly currentTree ├── relateurl@0.2.7
65 silly currentTree ├── remove-trailing-separator@1.0.1
65 silly currentTree ├─┬ renderkid@2.0.1
65 silly currentTree │ ├── domhandler@2.1.0
65 silly currentTree │ ├── domutils@1.1.6
65 silly currentTree │ ├── htmlparser2@3.3.0
65 silly currentTree │ ├── isarray@0.0.1
65 silly currentTree │ ├── readable-stream@1.0.34
65 silly currentTree │ ├── string_decoder@0.10.31
65 silly currentTree │ └── utila@0.3.3
65 silly currentTree ├── repeat-element@1.1.2
65 silly currentTree ├── repeat-string@1.6.1
65 silly currentTree ├── repeating@2.0.1
65 silly currentTree ├── require-directory@2.1.1
65 silly currentTree ├── require-from-string@1.2.1
65 silly currentTree ├── require-main-filename@1.0.1
65 silly currentTree ├── require-uncached@1.0.3
65 silly currentTree ├── requires-port@1.0.0
65 silly currentTree ├── resolve-from@1.0.1
65 silly currentTree ├── resolve@1.3.3
65 silly currentTree ├── restore-cursor@1.0.1
65 silly currentTree ├── right-align@0.1.3
65 silly currentTree ├─┬ rimraf@2.6.1
65 silly currentTree │ └── glob@7.1.2
65 silly currentTree ├── ripemd160@2.0.1
65 silly currentTree ├── run-async@0.1.0
65 silly currentTree ├── rx-lite@3.1.2
65 silly currentTree ├── safe-buffer@5.0.1
65 silly currentTree ├── sax@1.2.2
65 silly currentTree ├── semver@5.3.0
65 silly currentTree ├─┬ send@0.15.3
65 silly currentTree │ └── debug@2.6.7
65 silly currentTree ├── serve-static@1.12.3
65 silly currentTree ├── set-blocking@2.0.0
65 silly currentTree ├── set-immediate-shim@1.0.1
65 silly currentTree ├── setimmediate@1.0.5
65 silly currentTree ├── setprototypeof@1.0.3
65 silly currentTree ├── sha.js@2.4.8
65 silly currentTree ├─┬ shelljs@0.7.7
65 silly currentTree │ └── glob@7.1.2
65 silly currentTree ├── sigmund@1.0.1
65 silly currentTree ├── signal-exit@3.0.2
65 silly currentTree ├── slash@1.0.0
65 silly currentTree ├── slice-ansi@0.0.4
65 silly currentTree ├── sort-keys@1.1.2
65 silly currentTree ├── source-list-map@0.1.8
65 silly currentTree ├── source-map-support@0.4.15
65 silly currentTree ├── source-map@0.5.6
65 silly currentTree ├── spdx-correct@1.0.2
65 silly currentTree ├── spdx-expression-parse@1.0.4
65 silly currentTree ├── spdx-license-ids@1.2.2
65 silly currentTree ├── sprintf-js@1.0.3
65 silly currentTree ├── stackframe@1.0.3
65 silly currentTree ├── statuses@1.3.1
65 silly currentTree ├── stream-browserify@2.0.1
65 silly currentTree ├── stream-http@2.7.1
65 silly currentTree ├── strict-uri-encode@1.1.0
65 silly currentTree ├── string_decoder@1.0.1
65 silly currentTree ├── string-length@1.0.1
65 silly currentTree ├── string-width@1.0.2
65 silly currentTree ├── strip-ansi@3.0.1
65 silly currentTree ├── strip-bom@3.0.0
65 silly currentTree ├── strip-json-comments@2.0.1
65 silly currentTree ├── supports-color@3.2.3
65 silly currentTree ├── svgo@0.7.2
65 silly currentTree ├─┬ table@3.8.3
65 silly currentTree │ ├── is-fullwidth-code-point@2.0.0
65 silly currentTree │ └── string-width@2.0.0
65 silly currentTree ├── tapable@0.2.6
65 silly currentTree ├── text-table@0.2.0
65 silly currentTree ├── through@2.3.8
65 silly currentTree ├── timers-browserify@2.0.2
65 silly currentTree ├── to-arraybuffer@1.0.1
65 silly currentTree ├── to-fast-properties@1.0.3
65 silly currentTree ├── toposort@1.0.3
65 silly currentTree ├── trim-right@1.0.1
65 silly currentTree ├── tryit@1.0.3
65 silly currentTree ├── tty-browserify@0.0.0
65 silly currentTree ├── type-check@0.3.2
65 silly currentTree ├── type-is@1.6.15
65 silly currentTree ├── typedarray@0.0.6
65 silly currentTree ├── uglify-js@3.0.13
65 silly currentTree ├── uglify-to-browserify@1.0.2
65 silly currentTree ├── ultron@1.1.0
65 silly currentTree ├── underscore@1.8.3
65 silly currentTree ├── uniq@1.0.1
65 silly currentTree ├── uniqid@4.1.1
65 silly currentTree ├── uniqs@2.0.0
65 silly currentTree ├── unpipe@1.0.0
65 silly currentTree ├── upper-case@1.1.3
65 silly currentTree ├─┬ url-loader@0.5.8
65 silly currentTree │ └── loader-utils@1.1.0
65 silly currentTree ├─┬ url@0.11.0
65 silly currentTree │ └── punycode@1.3.2
65 silly currentTree ├── user-home@2.0.0
65 silly currentTree ├── util-deprecate@1.0.2
65 silly currentTree ├─┬ util@0.10.3
65 silly currentTree │ └── inherits@2.0.1
65 silly currentTree ├── utila@0.4.0
65 silly currentTree ├── utils-merge@1.0.0
65 silly currentTree ├── validate-npm-package-license@3.0.1
65 silly currentTree ├── vary@1.1.1
65 silly currentTree ├── vendors@1.0.1
65 silly currentTree ├── vm-browserify@0.0.4
65 silly currentTree ├── vue-hot-reload-api@2.1.0
65 silly currentTree ├─┬ vue-loader@12.2.1
65 silly currentTree │ └── loader-utils@1.1.0
65 silly currentTree ├── vue-router@2.5.3
65 silly currentTree ├─┬ vue-style-loader@3.0.1
65 silly currentTree │ └── loader-utils@1.1.0
65 silly currentTree ├── vue-template-compiler@2.3.3
65 silly currentTree ├── vue-template-es2015-compiler@1.5.2
65 silly currentTree ├── vue@2.3.3
65 silly currentTree ├── watchpack@1.3.1
65 silly currentTree ├── webpack-bundle-analyzer@2.8.2
65 silly currentTree ├── webpack-dev-middleware@1.10.2
65 silly currentTree ├── webpack-hot-middleware@2.18.0
65 silly currentTree ├── webpack-merge@4.1.0
65 silly currentTree ├── webpack-sources@0.1.5
65 silly currentTree ├─┬ webpack@2.6.1
65 silly currentTree │ ├── source-list-map@1.1.2
65 silly currentTree │ ├─┬ uglify-js@2.8.27
65 silly currentTree │ │ └── yargs@3.10.0
65 silly currentTree │ └── webpack-sources@0.2.3
65 silly currentTree ├── whet.extend@0.9.9
65 silly currentTree ├── which-module@1.0.0
65 silly currentTree ├── window-size@0.1.0
65 silly currentTree ├── wordwrap@1.0.0
65 silly currentTree ├── wrap-ansi@2.1.0
65 silly currentTree ├── wrappy@1.0.2
65 silly currentTree ├── write@0.2.1
65 silly currentTree ├── ws@2.3.1
65 silly currentTree ├── xml-char-classes@1.0.0
65 silly currentTree ├── xtend@4.0.1
65 silly currentTree ├── y18n@3.2.1
65 silly currentTree ├── yallist@2.1.2
65 silly currentTree ├─┬ yargs-parser@4.2.1
65 silly currentTree │ └── camelcase@3.0.0
65 silly currentTree └─┬ yargs@6.6.0
65 silly currentTree   ├── camelcase@3.0.0
65 silly currentTree   └── cliui@3.2.0
66 silly idealTree wordcloud@1.0.0
66 silly idealTree ├── abbrev@1.1.0
66 silly idealTree ├── accepts@1.3.3
66 silly idealTree ├─┬ acorn-dynamic-import@2.0.2
66 silly idealTree │ └── acorn@4.0.13
66 silly idealTree ├─┬ acorn-jsx@3.0.1
66 silly idealTree │ └── acorn@3.3.0
66 silly idealTree ├── acorn@5.0.3
66 silly idealTree ├── ajv-keywords@1.5.1
66 silly idealTree ├── ajv@4.11.8
66 silly idealTree ├── align-text@0.1.4
66 silly idealTree ├── alphanum-sort@1.0.2
66 silly idealTree ├── ansi-escapes@1.4.0
66 silly idealTree ├── ansi-html@0.0.7
66 silly idealTree ├── ansi-regex@2.1.1
66 silly idealTree ├── ansi-styles@2.2.1
66 silly idealTree ├── anymatch@1.3.0
66 silly idealTree ├── argparse@1.0.9
66 silly idealTree ├── arr-diff@2.0.0
66 silly idealTree ├── arr-flatten@1.0.3
66 silly idealTree ├── array-flatten@1.1.1
66 silly idealTree ├── array-union@1.0.2
66 silly idealTree ├── array-uniq@1.0.3
66 silly idealTree ├── array-unique@0.2.1
66 silly idealTree ├── arrify@1.0.1
66 silly idealTree ├── asn1.js@4.9.1
66 silly idealTree ├── assert@1.4.1
66 silly idealTree ├── async-each@1.0.1
66 silly idealTree ├── async@2.4.1
66 silly idealTree ├── autoprefixer@6.7.7
66 silly idealTree ├── babel-code-frame@6.22.0
66 silly idealTree ├── babel-core@6.24.1
66 silly idealTree ├── babel-eslint@7.2.3
66 silly idealTree ├── babel-generator@6.24.1
66 silly idealTree ├── babel-helper-bindify-decorators@6.24.1
66 silly idealTree ├── babel-helper-builder-binary-assignment-operator-visitor@6.24.1
66 silly idealTree ├── babel-helper-call-delegate@6.24.1
66 silly idealTree ├── babel-helper-define-map@6.24.1
66 silly idealTree ├── babel-helper-explode-assignable-expression@6.24.1
66 silly idealTree ├── babel-helper-explode-class@6.24.1
66 silly idealTree ├── babel-helper-function-name@6.24.1
66 silly idealTree ├── babel-helper-get-function-arity@6.24.1
66 silly idealTree ├── babel-helper-hoist-variables@6.24.1
66 silly idealTree ├── babel-helper-optimise-call-expression@6.24.1
66 silly idealTree ├── babel-helper-regex@6.24.1
66 silly idealTree ├── babel-helper-remap-async-to-generator@6.24.1
66 silly idealTree ├── babel-helper-replace-supers@6.24.1
66 silly idealTree ├── babel-helpers@6.24.1
66 silly idealTree ├── babel-loader@6.4.1
66 silly idealTree ├── babel-messages@6.23.0
66 silly idealTree ├── babel-plugin-check-es2015-constants@6.22.0
66 silly idealTree ├── babel-plugin-syntax-async-functions@6.13.0
66 silly idealTree ├── babel-plugin-syntax-async-generators@6.13.0
66 silly idealTree ├── babel-plugin-syntax-class-properties@6.13.0
66 silly idealTree ├── babel-plugin-syntax-decorators@6.13.0
66 silly idealTree ├── babel-plugin-syntax-dynamic-import@6.18.0
66 silly idealTree ├── babel-plugin-syntax-exponentiation-operator@6.13.0
66 silly idealTree ├── babel-plugin-syntax-object-rest-spread@6.13.0
66 silly idealTree ├── babel-plugin-syntax-trailing-function-commas@6.22.0
66 silly idealTree ├── babel-plugin-transform-async-generator-functions@6.24.1
66 silly idealTree ├── babel-plugin-transform-async-to-generator@6.24.1
66 silly idealTree ├── babel-plugin-transform-class-properties@6.24.1
66 silly idealTree ├── babel-plugin-transform-decorators@6.24.1
66 silly idealTree ├── babel-plugin-transform-es2015-arrow-functions@6.22.0
66 silly idealTree ├── babel-plugin-transform-es2015-block-scoped-functions@6.22.0
66 silly idealTree ├── babel-plugin-transform-es2015-block-scoping@6.24.1
66 silly idealTree ├── babel-plugin-transform-es2015-classes@6.24.1
66 silly idealTree ├── babel-plugin-transform-es2015-computed-properties@6.24.1
66 silly idealTree ├── babel-plugin-transform-es2015-destructuring@6.23.0
66 silly idealTree ├── babel-plugin-transform-es2015-duplicate-keys@6.24.1
66 silly idealTree ├── babel-plugin-transform-es2015-for-of@6.23.0
66 silly idealTree ├── babel-plugin-transform-es2015-function-name@6.24.1
66 silly idealTree ├── babel-plugin-transform-es2015-literals@6.22.0
66 silly idealTree ├── babel-plugin-transform-es2015-modules-amd@6.24.1
66 silly idealTree ├── babel-plugin-transform-es2015-modules-commonjs@6.24.1
66 silly idealTree ├── babel-plugin-transform-es2015-modules-systemjs@6.24.1
66 silly idealTree ├── babel-plugin-transform-es2015-modules-umd@6.24.1
66 silly idealTree ├── babel-plugin-transform-es2015-object-super@6.24.1
66 silly idealTree ├── babel-plugin-transform-es2015-parameters@6.24.1
66 silly idealTree ├── babel-plugin-transform-es2015-shorthand-properties@6.24.1
66 silly idealTree ├── babel-plugin-transform-es2015-spread@6.22.0
66 silly idealTree ├── babel-plugin-transform-es2015-sticky-regex@6.24.1
66 silly idealTree ├── babel-plugin-transform-es2015-template-literals@6.22.0
66 silly idealTree ├── babel-plugin-transform-es2015-typeof-symbol@6.23.0
66 silly idealTree ├── babel-plugin-transform-es2015-unicode-regex@6.24.1
66 silly idealTree ├── babel-plugin-transform-exponentiation-operator@6.24.1
66 silly idealTree ├── babel-plugin-transform-object-rest-spread@6.23.0
66 silly idealTree ├── babel-plugin-transform-regenerator@6.24.1
66 silly idealTree ├── babel-plugin-transform-runtime@6.23.0
66 silly idealTree ├── babel-plugin-transform-strict-mode@6.24.1
66 silly idealTree ├─┬ babel-preset-env@1.5.1
66 silly idealTree │ └── browserslist@2.1.4
66 silly idealTree ├── babel-preset-stage-2@6.24.1
66 silly idealTree ├── babel-preset-stage-3@6.24.1
66 silly idealTree ├── babel-register@6.24.1
66 silly idealTree ├── babel-runtime@6.23.0
66 silly idealTree ├── babel-template@6.24.1
66 silly idealTree ├── babel-traverse@6.24.1
66 silly idealTree ├── babel-types@6.24.1
66 silly idealTree ├── babylon@6.17.1
66 silly idealTree ├── balanced-match@0.4.2
66 silly idealTree ├── base64-js@1.2.0
66 silly idealTree ├── big.js@3.1.3
66 silly idealTree ├── binary-extensions@1.8.0
66 silly idealTree ├── bluebird@2.11.0
66 silly idealTree ├── bn.js@4.11.6
66 silly idealTree ├── boolbase@1.0.0
66 silly idealTree ├── brace-expansion@1.1.7
66 silly idealTree ├── braces@1.8.5
66 silly idealTree ├── brorand@1.1.0
66 silly idealTree ├── browserify-aes@1.0.6
66 silly idealTree ├── browserify-cipher@1.0.0
66 silly idealTree ├── browserify-des@1.0.0
66 silly idealTree ├── browserify-rsa@4.0.1
66 silly idealTree ├── browserify-sign@4.0.4
66 silly idealTree ├── browserify-zlib@0.1.4
66 silly idealTree ├── browserslist@1.7.7
66 silly idealTree ├── buffer-shims@1.0.0
66 silly idealTree ├── buffer-xor@1.0.3
66 silly idealTree ├── buffer@4.9.1
66 silly idealTree ├── builtin-modules@1.1.1
66 silly idealTree ├── builtin-status-codes@3.0.0
66 silly idealTree ├── caller-path@0.1.0
66 silly idealTree ├── callsites@0.2.0
66 silly idealTree ├── camel-case@3.0.0
66 silly idealTree ├── camelcase@1.2.1
66 silly idealTree ├── caniuse-api@1.6.1
66 silly idealTree ├── caniuse-db@1.0.30000676
66 silly idealTree ├── caniuse-lite@1.0.30000676
66 silly idealTree ├── center-align@0.1.3
66 silly idealTree ├─┬ chalk@1.1.3
66 silly idealTree │ └── supports-color@2.0.0
66 silly idealTree ├─┬ chokidar@1.7.0
66 silly idealTree │ ├── is-extglob@1.0.0
66 silly idealTree │ └── is-glob@2.0.1
66 silly idealTree ├── cipher-base@1.0.3
66 silly idealTree ├── circular-json@0.3.1
66 silly idealTree ├── clap@1.1.3
66 silly idealTree ├── clean-css@4.1.3
66 silly idealTree ├── cli-cursor@1.0.2
66 silly idealTree ├── cli-spinners@1.0.0
66 silly idealTree ├── cli-width@2.1.0
66 silly idealTree ├─┬ cliui@2.1.0
66 silly idealTree │ └── wordwrap@0.0.2
66 silly idealTree ├── clone@1.0.2
66 silly idealTree ├── co@4.6.0
66 silly idealTree ├── coa@1.0.2
66 silly idealTree ├── code-point-at@1.1.0
66 silly idealTree ├── color-convert@1.9.0
66 silly idealTree ├── color-name@1.1.2
66 silly idealTree ├── color-string@0.3.0
66 silly idealTree ├── color@0.11.4
66 silly idealTree ├── colormin@1.1.2
66 silly idealTree ├── colors@1.1.2
66 silly idealTree ├── commander@2.9.0
66 silly idealTree ├── commondir@1.0.1
66 silly idealTree ├── concat-map@0.0.1
66 silly idealTree ├── concat-stream@1.6.0
66 silly idealTree ├── config-chain@1.1.11
66 silly idealTree ├── connect-history-api-fallback@1.3.0
66 silly idealTree ├── console-browserify@1.1.0
66 silly idealTree ├─┬ consolidate@0.14.5
66 silly idealTree │ └── bluebird@3.5.0
66 silly idealTree ├── constants-browserify@1.0.0
66 silly idealTree ├── content-disposition@0.5.2
66 silly idealTree ├── content-type@1.0.2
66 silly idealTree ├── convert-source-map@1.5.0
66 silly idealTree ├── cookie-signature@1.0.6
66 silly idealTree ├── cookie@0.3.1
66 silly idealTree ├── copy-webpack-plugin@4.0.1
66 silly idealTree ├── core-js@2.4.1
66 silly idealTree ├── core-util-is@1.0.2
66 silly idealTree ├─┬ cosmiconfig@2.1.3
66 silly idealTree │ └── minimist@1.2.0
66 silly idealTree ├── create-ecdh@4.0.0
66 silly idealTree ├── create-hash@1.1.3
66 silly idealTree ├── create-hmac@1.1.6
66 silly idealTree ├── crypto-browserify@3.11.0
66 silly idealTree ├── css-color-names@0.0.4
66 silly idealTree ├─┬ css-loader@0.28.4
66 silly idealTree │ └── loader-utils@1.1.0
66 silly idealTree ├─┬ css-select@1.2.0
66 silly idealTree │ └── domutils@1.5.1
66 silly idealTree ├─┬ css-selector-tokenizer@0.7.0
66 silly idealTree │ └── regexpu-core@1.0.0
66 silly idealTree ├── css-what@2.1.0
66 silly idealTree ├── cssesc@0.1.0
66 silly idealTree ├── cssnano@3.10.0
66 silly idealTree ├── csso@2.3.2
66 silly idealTree ├── d@1.0.0
66 silly idealTree ├── d3@3.5.17
66 silly idealTree ├── date-now@0.1.4
66 silly idealTree ├── de-indent@1.0.2
66 silly idealTree ├── debug@2.6.8
66 silly idealTree ├── decamelize@1.2.0
66 silly idealTree ├── deep-is@0.1.3
66 silly idealTree ├── defined@1.0.0
66 silly idealTree ├── del@2.2.2
66 silly idealTree ├── depd@1.1.0
66 silly idealTree ├── des.js@1.0.0
66 silly idealTree ├── destroy@1.0.4
66 silly idealTree ├── detect-indent@4.0.0
66 silly idealTree ├── diffie-hellman@5.0.2
66 silly idealTree ├── doctrine@2.0.0
66 silly idealTree ├─┬ dom-converter@0.1.4
66 silly idealTree │ └── utila@0.3.3
66 silly idealTree ├─┬ dom-serializer@0.1.0
66 silly idealTree │ └── domelementtype@1.1.3
66 silly idealTree ├── domain-browser@1.1.7
66 silly idealTree ├── domelementtype@1.3.0
66 silly idealTree ├── domhandler@2.4.1
66 silly idealTree ├── domutils@1.6.2
66 silly idealTree ├── duplexer@0.1.1
66 silly idealTree ├─┬ editorconfig@0.13.2
66 silly idealTree │ ├── bluebird@3.5.0
66 silly idealTree │ └── lru-cache@3.2.0
66 silly idealTree ├── ee-first@1.1.1
66 silly idealTree ├── ejs@2.5.6
66 silly idealTree ├── electron-to-chromium@1.3.13
66 silly idealTree ├── elliptic@6.4.0
66 silly idealTree ├── emojis-list@2.1.0
66 silly idealTree ├── encodeurl@1.0.1
66 silly idealTree ├── enhanced-resolve@3.1.0
66 silly idealTree ├── entities@1.1.1
66 silly idealTree ├── errno@0.1.4
66 silly idealTree ├── error-ex@1.3.1
66 silly idealTree ├── error-stack-parser@2.0.1
66 silly idealTree ├── es5-ext@0.10.21
66 silly idealTree ├── es6-iterator@2.0.1
66 silly idealTree ├── es6-map@0.1.5
66 silly idealTree ├── es6-set@0.1.5
66 silly idealTree ├── es6-symbol@3.1.1
66 silly idealTree ├── es6-weak-map@2.0.2
66 silly idealTree ├── escape-html@1.0.3
66 silly idealTree ├── escape-string-regexp@1.0.5
66 silly idealTree ├── escope@3.6.0
66 silly idealTree ├── eslint-config-standard@6.2.1
66 silly idealTree ├─┬ eslint-friendly-formatter@2.0.7
66 silly idealTree │ └── minimist@1.2.0
66 silly idealTree ├─┬ eslint-loader@1.7.1
66 silly idealTree │ └── loader-utils@1.1.0
66 silly idealTree ├── eslint-plugin-html@2.0.3
66 silly idealTree ├── eslint-plugin-promise@3.5.0
66 silly idealTree ├── eslint-plugin-standard@2.3.1
66 silly idealTree ├─┬ eslint@3.19.0
66 silly idealTree │ └── glob@7.1.2
66 silly idealTree ├── espree@3.4.3
66 silly idealTree ├── esprima@2.7.3
66 silly idealTree ├── esquery@1.0.0
66 silly idealTree ├─┬ esrecurse@4.1.0
66 silly idealTree │ └── estraverse@4.1.1
66 silly idealTree ├── estraverse@4.2.0
66 silly idealTree ├── esutils@2.0.2
66 silly idealTree ├── etag@1.8.0
66 silly idealTree ├── event-emitter@0.3.5
66 silly idealTree ├── eventemitter3@1.2.0
66 silly idealTree ├── events@1.1.1
66 silly idealTree ├── eventsource-polyfill@0.9.6
66 silly idealTree ├── evp_bytestokey@1.0.0
66 silly idealTree ├── exit-hook@1.1.1
66 silly idealTree ├── expand-brackets@0.1.5
66 silly idealTree ├── expand-range@1.8.2
66 silly idealTree ├─┬ express@4.15.3
66 silly idealTree │ └── debug@2.6.7
66 silly idealTree ├── extend@3.0.1
66 silly idealTree ├─┬ extglob@0.3.2
66 silly idealTree │ └── is-extglob@1.0.0
66 silly idealTree ├─┬ extract-text-webpack-plugin@2.1.0
66 silly idealTree │ └── loader-utils@1.1.0
66 silly idealTree ├── fast-levenshtein@2.0.6
66 silly idealTree ├── fastparse@1.1.1
66 silly idealTree ├── figures@1.7.0
66 silly idealTree ├── file-entry-cache@2.0.0
66 silly idealTree ├─┬ file-loader@0.11.1
66 silly idealTree │ └── loader-utils@1.1.0
66 silly idealTree ├── filename-regex@2.0.1
66 silly idealTree ├── filesize@3.5.10
66 silly idealTree ├── fill-range@2.2.3
66 silly idealTree ├─┬ finalhandler@1.0.3
66 silly idealTree │ └── debug@2.6.7
66 silly idealTree ├── find-cache-dir@0.1.1
66 silly idealTree ├── find-up@1.1.2
66 silly idealTree ├── flat-cache@1.2.2
66 silly idealTree ├── flatten@1.0.2
66 silly idealTree ├── for-in@1.0.2
66 silly idealTree ├── for-own@0.1.5
66 silly idealTree ├── forwarded@0.1.0
66 silly idealTree ├── fresh@0.5.0
66 silly idealTree ├── friendly-errors-webpack-plugin@1.6.1
66 silly idealTree ├── fs-extra@0.26.7
66 silly idealTree ├── fs.realpath@1.0.0
66 silly idealTree ├─┬ fsevents@1.1.1
66 silly idealTree │ ├── abbrev@1.1.0
66 silly idealTree │ ├── ansi-regex@2.1.1
66 silly idealTree │ ├── ansi-styles@2.2.1
66 silly idealTree │ ├── aproba@1.1.1
66 silly idealTree │ ├── are-we-there-yet@1.1.2
66 silly idealTree │ ├── asn1@0.2.3
66 silly idealTree │ ├── assert-plus@0.2.0
66 silly idealTree │ ├── asynckit@0.4.0
66 silly idealTree │ ├── aws-sign2@0.6.0
66 silly idealTree │ ├── aws4@1.6.0
66 silly idealTree │ ├── balanced-match@0.4.2
66 silly idealTree │ ├── bcrypt-pbkdf@1.0.1
66 silly idealTree │ ├── block-stream@0.0.9
66 silly idealTree │ ├── boom@2.10.1
66 silly idealTree │ ├── brace-expansion@1.1.6
66 silly idealTree │ ├── buffer-shims@1.0.0
66 silly idealTree │ ├── caseless@0.11.0
66 silly idealTree │ ├── chalk@1.1.3
66 silly idealTree │ ├── code-point-at@1.1.0
66 silly idealTree │ ├── combined-stream@1.0.5
66 silly idealTree │ ├── commander@2.9.0
66 silly idealTree │ ├── concat-map@0.0.1
66 silly idealTree │ ├── console-control-strings@1.1.0
66 silly idealTree │ ├── core-util-is@1.0.2
66 silly idealTree │ ├── cryptiles@2.0.5
66 silly idealTree │ ├─┬ dashdash@1.14.1
66 silly idealTree │ │ └── assert-plus@1.0.0
66 silly idealTree │ ├── debug@2.2.0
66 silly idealTree │ ├── deep-extend@0.4.1
66 silly idealTree │ ├── delayed-stream@1.0.0
66 silly idealTree │ ├── delegates@1.0.0
66 silly idealTree │ ├── ecc-jsbn@0.1.1
66 silly idealTree │ ├── escape-string-regexp@1.0.5
66 silly idealTree │ ├── extend@3.0.0
66 silly idealTree │ ├── extsprintf@1.0.2
66 silly idealTree │ ├── forever-agent@0.6.1
66 silly idealTree │ ├── form-data@2.1.2
66 silly idealTree │ ├── fs.realpath@1.0.0
66 silly idealTree │ ├── fstream-ignore@1.0.5
66 silly idealTree │ ├── fstream@1.0.10
66 silly idealTree │ ├── gauge@2.7.3
66 silly idealTree │ ├── generate-function@2.0.0
66 silly idealTree │ ├── generate-object-property@1.2.0
66 silly idealTree │ ├─┬ getpass@0.1.6
66 silly idealTree │ │ └── assert-plus@1.0.0
66 silly idealTree │ ├── glob@7.1.1
66 silly idealTree │ ├── graceful-fs@4.1.11
66 silly idealTree │ ├── graceful-readlink@1.0.1
66 silly idealTree │ ├── har-validator@2.0.6
66 silly idealTree │ ├── has-ansi@2.0.0
66 silly idealTree │ ├── has-unicode@2.0.1
66 silly idealTree │ ├── hawk@3.1.3
66 silly idealTree │ ├── hoek@2.16.3
66 silly idealTree │ ├── http-signature@1.1.1
66 silly idealTree │ ├── inflight@1.0.6
66 silly idealTree │ ├── inherits@2.0.3
66 silly idealTree │ ├── ini@1.3.4
66 silly idealTree │ ├── is-fullwidth-code-point@1.0.0
66 silly idealTree │ ├── is-my-json-valid@2.15.0
66 silly idealTree │ ├── is-property@1.0.2
66 silly idealTree │ ├── is-typedarray@1.0.0
66 silly idealTree │ ├── isarray@1.0.0
66 silly idealTree │ ├── isstream@0.1.2
66 silly idealTree │ ├── jodid25519@1.0.2
66 silly idealTree │ ├── jsbn@0.1.1
66 silly idealTree │ ├── json-schema@0.2.3
66 silly idealTree │ ├── json-stringify-safe@5.0.1
66 silly idealTree │ ├── jsonpointer@4.0.1
66 silly idealTree │ ├── jsprim@1.3.1
66 silly idealTree │ ├── mime-db@1.26.0
66 silly idealTree │ ├── mime-types@2.1.14
66 silly idealTree │ ├── minimatch@3.0.3
66 silly idealTree │ ├── minimist@0.0.8
66 silly idealTree │ ├── mkdirp@0.5.1
66 silly idealTree │ ├── ms@0.7.1
66 silly idealTree │ ├── node-pre-gyp@0.6.33
66 silly idealTree │ ├── nopt@3.0.6
66 silly idealTree │ ├── npmlog@4.0.2
66 silly idealTree │ ├── number-is-nan@1.0.1
66 silly idealTree │ ├── oauth-sign@0.8.2
66 silly idealTree │ ├── object-assign@4.1.1
66 silly idealTree │ ├── once@1.4.0
66 silly idealTree │ ├── path-is-absolute@1.0.1
66 silly idealTree │ ├── pinkie-promise@2.0.1
66 silly idealTree │ ├── pinkie@2.0.4
66 silly idealTree │ ├── process-nextick-args@1.0.7
66 silly idealTree │ ├── punycode@1.4.1
66 silly idealTree │ ├── qs@6.3.1
66 silly idealTree │ ├─┬ rc@1.1.7
66 silly idealTree │ │ └── minimist@1.2.0
66 silly idealTree │ ├── readable-stream@2.2.2
66 silly idealTree │ ├── request@2.79.0
66 silly idealTree │ ├── rimraf@2.5.4
66 silly idealTree │ ├── semver@5.3.0
66 silly idealTree │ ├── set-blocking@2.0.0
66 silly idealTree │ ├── signal-exit@3.0.2
66 silly idealTree │ ├── sntp@1.0.9
66 silly idealTree │ ├─┬ sshpk@1.10.2
66 silly idealTree │ │ └── assert-plus@1.0.0
66 silly idealTree │ ├── string_decoder@0.10.31
66 silly idealTree │ ├── string-width@1.0.2
66 silly idealTree │ ├── stringstream@0.0.5
66 silly idealTree │ ├── strip-ansi@3.0.1
66 silly idealTree │ ├── strip-json-comments@2.0.1
66 silly idealTree │ ├── supports-color@2.0.0
66 silly idealTree │ ├─┬ tar-pack@3.3.0
66 silly idealTree │ │ ├── once@1.3.3
66 silly idealTree │ │ └── readable-stream@2.1.5
66 silly idealTree │ ├── tar@2.2.1
66 silly idealTree │ ├── tough-cookie@2.3.2
66 silly idealTree │ ├── tunnel-agent@0.4.3
66 silly idealTree │ ├── tweetnacl@0.14.5
66 silly idealTree │ ├── uid-number@0.0.6
66 silly idealTree │ ├── util-deprecate@1.0.2
66 silly idealTree │ ├── uuid@3.0.1
66 silly idealTree │ ├── verror@1.3.6
66 silly idealTree │ ├── wide-align@1.1.0
66 silly idealTree │ ├── wrappy@1.0.2
66 silly idealTree │ └── xtend@4.0.1
66 silly idealTree ├── function-bind@1.1.0
66 silly idealTree ├── generate-function@2.0.0
66 silly idealTree ├── generate-object-property@1.2.0
66 silly idealTree ├── get-caller-file@1.0.2
66 silly idealTree ├─┬ glob-base@0.3.0
66 silly idealTree │ ├── is-extglob@1.0.0
66 silly idealTree │ └── is-glob@2.0.1
66 silly idealTree ├─┬ glob-parent@2.0.0
66 silly idealTree │ ├── is-extglob@1.0.0
66 silly idealTree │ └── is-glob@2.0.1
66 silly idealTree ├── glob@6.0.4
66 silly idealTree ├── globals@9.17.0
66 silly idealTree ├─┬ globby@5.0.0
66 silly idealTree │ └── glob@7.1.2
66 silly idealTree ├── graceful-fs@4.1.11
66 silly idealTree ├── graceful-readlink@1.0.1
66 silly idealTree ├── gzip-size@3.0.0
66 silly idealTree ├── has-ansi@2.0.0
66 silly idealTree ├── has-flag@1.0.0
66 silly idealTree ├── has@1.0.1
66 silly idealTree ├── hash-base@2.0.2
66 silly idealTree ├── hash-sum@1.0.2
66 silly idealTree ├── hash.js@1.0.3
66 silly idealTree ├── he@1.1.1
66 silly idealTree ├── hmac-drbg@1.0.1
66 silly idealTree ├── home-or-tmp@2.0.0
66 silly idealTree ├── hosted-git-info@2.4.2
66 silly idealTree ├── html-comment-regex@1.1.1
66 silly idealTree ├── html-entities@1.2.1
66 silly idealTree ├── html-minifier@3.5.2
66 silly idealTree ├─┬ html-webpack-plugin@2.28.0
66 silly idealTree │ └── bluebird@3.5.0
66 silly idealTree ├── htmlparser2@3.9.2
66 silly idealTree ├── http-errors@1.6.1
66 silly idealTree ├── http-proxy-middleware@0.17.4
66 silly idealTree ├── http-proxy@1.16.2
66 silly idealTree ├── https-browserify@0.0.1
66 silly idealTree ├── icss-replace-symbols@1.1.0
66 silly idealTree ├─┬ icss-utils@2.1.0
66 silly idealTree │ └── postcss@6.0.1
66 silly idealTree ├── ieee754@1.1.8
66 silly idealTree ├── ignore@3.3.3
66 silly idealTree ├── imurmurhash@0.1.4
66 silly idealTree ├── indexes-of@1.0.1
66 silly idealTree ├── indexof@0.0.1
66 silly idealTree ├── inflight@1.0.6
66 silly idealTree ├── inherits@2.0.3
66 silly idealTree ├── ini@1.3.4
66 silly idealTree ├── inquirer@0.12.0
66 silly idealTree ├── interpret@1.0.3
66 silly idealTree ├── invariant@2.2.2
66 silly idealTree ├── invert-kv@1.0.0
66 silly idealTree ├── ipaddr.js@1.3.0
66 silly idealTree ├── is-absolute-url@2.1.0
66 silly idealTree ├── is-arrayish@0.2.1
66 silly idealTree ├── is-binary-path@1.0.1
66 silly idealTree ├── is-buffer@1.1.5
66 silly idealTree ├── is-builtin-module@1.0.0
66 silly idealTree ├── is-directory@0.3.1
66 silly idealTree ├── is-dotfile@1.0.3
66 silly idealTree ├── is-equal-shallow@0.1.3
66 silly idealTree ├── is-extendable@0.1.1
66 silly idealTree ├── is-extglob@2.1.1
66 silly idealTree ├── is-finite@1.0.2
66 silly idealTree ├── is-fullwidth-code-point@1.0.0
66 silly idealTree ├── is-glob@3.1.0
66 silly idealTree ├── is-my-json-valid@2.16.0
66 silly idealTree ├── is-number@2.1.0
66 silly idealTree ├── is-path-cwd@1.0.0
66 silly idealTree ├── is-path-in-cwd@1.0.0
66 silly idealTree ├── is-path-inside@1.0.0
66 silly idealTree ├── is-plain-obj@1.1.0
66 silly idealTree ├── is-posix-bracket@0.1.1
66 silly idealTree ├── is-primitive@2.0.0
66 silly idealTree ├── is-property@1.0.2
66 silly idealTree ├── is-resolvable@1.0.0
66 silly idealTree ├── is-svg@2.1.0
66 silly idealTree ├── is-utf8@0.2.1
66 silly idealTree ├── isarray@1.0.0
66 silly idealTree ├── isobject@2.1.0
66 silly idealTree ├── js-base64@2.1.9
66 silly idealTree ├── js-beautify@1.6.14
66 silly idealTree ├── js-tokens@3.0.1
66 silly idealTree ├── js-yaml@3.7.0
66 silly idealTree ├── jsesc@1.3.0
66 silly idealTree ├── json-loader@0.5.4
66 silly idealTree ├── json-stable-stringify@1.0.1
66 silly idealTree ├── json5@0.5.1
66 silly idealTree ├── jsonfile@2.4.0
66 silly idealTree ├── jsonify@0.0.0
66 silly idealTree ├── jsonpointer@4.0.1
66 silly idealTree ├── kind-of@3.2.2
66 silly idealTree ├── klaw@1.3.1
66 silly idealTree ├── lazy-cache@1.0.4
66 silly idealTree ├── lcid@1.0.0
66 silly idealTree ├── levn@0.3.0
66 silly idealTree ├─┬ load-json-file@1.1.0
66 silly idealTree │ └── strip-bom@2.0.0
66 silly idealTree ├── loader-fs-cache@1.0.1
66 silly idealTree ├── loader-runner@2.3.0
66 silly idealTree ├── loader-utils@0.2.17
66 silly idealTree ├── lodash.camelcase@4.3.0
66 silly idealTree ├── lodash.memoize@4.1.2
66 silly idealTree ├── lodash.uniq@4.5.0
66 silly idealTree ├── lodash@4.17.4
66 silly idealTree ├── log-symbols@1.0.2
66 silly idealTree ├── longest@1.0.1
66 silly idealTree ├── loose-envify@1.3.1
66 silly idealTree ├── lower-case@1.1.4
66 silly idealTree ├── lru-cache@4.0.2
66 silly idealTree ├── macaddress@0.2.8
66 silly idealTree ├── math-expression-evaluator@1.2.17
66 silly idealTree ├── media-typer@0.3.0
66 silly idealTree ├── memory-fs@0.4.1
66 silly idealTree ├── merge-descriptors@1.0.1
66 silly idealTree ├── methods@1.1.2
66 silly idealTree ├─┬ micromatch@2.3.11
66 silly idealTree │ ├── is-extglob@1.0.0
66 silly idealTree │ └── is-glob@2.0.1
66 silly idealTree ├── miller-rabin@4.0.0
66 silly idealTree ├── mime-db@1.27.0
66 silly idealTree ├── mime-types@2.1.15
66 silly idealTree ├── mime@1.3.4
66 silly idealTree ├── mimic-fn@1.1.0
66 silly idealTree ├── minimalistic-assert@1.0.0
66 silly idealTree ├── minimalistic-crypto-utils@1.0.1
66 silly idealTree ├── minimatch@3.0.4
66 silly idealTree ├── minimist@0.0.8
66 silly idealTree ├── mkdirp@0.5.1
66 silly idealTree ├── ms@2.0.0
66 silly idealTree ├── mute-stream@0.0.5
66 silly idealTree ├── nan@2.6.2
66 silly idealTree ├── natural-compare@1.4.0
66 silly idealTree ├── ncname@1.0.0
66 silly idealTree ├── negotiator@0.6.1
66 silly idealTree ├── no-case@2.3.1
66 silly idealTree ├── node-dir@0.1.17
66 silly idealTree ├─┬ node-libs-browser@2.0.0
66 silly idealTree │ └── string_decoder@0.10.31
66 silly idealTree ├── nopt@3.0.6
66 silly idealTree ├── normalize-package-data@2.3.8
66 silly idealTree ├── normalize-path@2.1.1
66 silly idealTree ├── normalize-range@0.1.2
66 silly idealTree ├── normalize-url@1.9.1
66 silly idealTree ├── nth-check@1.0.1
66 silly idealTree ├── num2fraction@1.2.2
66 silly idealTree ├── number-is-nan@1.0.1
66 silly idealTree ├── object-assign@4.1.1
66 silly idealTree ├── object-hash@1.1.8
66 silly idealTree ├── object.omit@2.0.1
66 silly idealTree ├── on-finished@2.3.0
66 silly idealTree ├── once@1.4.0
66 silly idealTree ├── onetime@1.1.0
66 silly idealTree ├── opener@1.4.3
66 silly idealTree ├── opn@4.0.2
66 silly idealTree ├── optimize-css-assets-webpack-plugin@1.3.2
66 silly idealTree ├── optionator@0.8.2
66 silly idealTree ├─┬ ora@1.2.0
66 silly idealTree │ ├── cli-cursor@2.1.0
66 silly idealTree │ ├── onetime@2.0.1
66 silly idealTree │ └── restore-cursor@2.0.0
66 silly idealTree ├── os-browserify@0.2.1
66 silly idealTree ├── os-homedir@1.0.2
66 silly idealTree ├── os-locale@1.4.0
66 silly idealTree ├── os-tmpdir@1.0.2
66 silly idealTree ├── pako@0.2.9
66 silly idealTree ├── param-case@2.1.1
66 silly idealTree ├── parse-asn1@5.1.0
66 silly idealTree ├─┬ parse-glob@3.0.4
66 silly idealTree │ ├── is-extglob@1.0.0
66 silly idealTree │ └── is-glob@2.0.1
66 silly idealTree ├── parse-json@2.2.0
66 silly idealTree ├── parseurl@1.3.1
66 silly idealTree ├── path-browserify@0.0.0
66 silly idealTree ├── path-exists@2.1.0
66 silly idealTree ├── path-is-absolute@1.0.1
66 silly idealTree ├── path-is-inside@1.0.2
66 silly idealTree ├── path-parse@1.0.5
66 silly idealTree ├── path-to-regexp@0.1.7
66 silly idealTree ├── path-type@1.1.0
66 silly idealTree ├── pbkdf2@3.0.12
66 silly idealTree ├── pify@2.3.0
66 silly idealTree ├── pinkie-promise@2.0.1
66 silly idealTree ├── pinkie@2.0.4
66 silly idealTree ├── pkg-dir@1.0.0
66 silly idealTree ├── pluralize@1.2.1
66 silly idealTree ├── postcss-calc@5.3.1
66 silly idealTree ├── postcss-colormin@2.2.2
66 silly idealTree ├── postcss-convert-values@2.6.1
66 silly idealTree ├── postcss-discard-comments@2.0.4
66 silly idealTree ├── postcss-discard-duplicates@2.1.0
66 silly idealTree ├── postcss-discard-empty@2.1.0
66 silly idealTree ├── postcss-discard-overridden@0.1.1
66 silly idealTree ├── postcss-discard-unused@2.2.3
66 silly idealTree ├── postcss-filter-plugins@2.0.2
66 silly idealTree ├── postcss-load-config@1.2.0
66 silly idealTree ├── postcss-load-options@1.2.0
66 silly idealTree ├── postcss-load-plugins@2.3.0
66 silly idealTree ├── postcss-merge-idents@2.1.7
66 silly idealTree ├── postcss-merge-longhand@2.0.2
66 silly idealTree ├── postcss-merge-rules@2.1.2
66 silly idealTree ├── postcss-message-helpers@2.0.0
66 silly idealTree ├── postcss-minify-font-values@1.0.5
66 silly idealTree ├── postcss-minify-gradients@1.0.5
66 silly idealTree ├── postcss-minify-params@1.2.2
66 silly idealTree ├── postcss-minify-selectors@2.1.1
66 silly idealTree ├─┬ postcss-modules-extract-imports@1.1.0
66 silly idealTree │ └── postcss@6.0.1
66 silly idealTree ├─┬ postcss-modules-local-by-default@1.2.0
66 silly idealTree │ └── postcss@6.0.1
66 silly idealTree ├─┬ postcss-modules-scope@1.1.0
66 silly idealTree │ └── postcss@6.0.1
66 silly idealTree ├─┬ postcss-modules-values@1.3.0
66 silly idealTree │ └── postcss@6.0.1
66 silly idealTree ├── postcss-normalize-charset@1.1.1
66 silly idealTree ├── postcss-normalize-url@3.0.8
66 silly idealTree ├── postcss-ordered-values@2.2.3
66 silly idealTree ├── postcss-reduce-idents@2.4.0
66 silly idealTree ├── postcss-reduce-initial@1.0.1
66 silly idealTree ├── postcss-reduce-transforms@1.0.4
66 silly idealTree ├── postcss-selector-parser@2.2.3
66 silly idealTree ├── postcss-svgo@2.1.6
66 silly idealTree ├── postcss-unique-selectors@2.0.2
66 silly idealTree ├── postcss-value-parser@3.3.0
66 silly idealTree ├── postcss-zindex@2.2.0
66 silly idealTree ├── postcss@5.2.17
66 silly idealTree ├── prelude-ls@1.1.2
66 silly idealTree ├── prepend-http@1.0.4
66 silly idealTree ├── preserve@0.2.0
66 silly idealTree ├── pretty-error@2.1.0
66 silly idealTree ├── private@0.1.7
66 silly idealTree ├── process-nextick-args@1.0.7
66 silly idealTree ├── process@0.11.10
66 silly idealTree ├── progress@1.1.8
66 silly idealTree ├── proto-list@1.2.4
66 silly idealTree ├── proxy-addr@1.1.4
66 silly idealTree ├── prr@0.0.0
66 silly idealTree ├── pseudomap@1.0.2
66 silly idealTree ├── public-encrypt@4.0.0
66 silly idealTree ├── punycode@1.4.1
66 silly idealTree ├── q@1.5.0
66 silly idealTree ├── qs@6.4.0
66 silly idealTree ├── query-string@4.3.4
66 silly idealTree ├── querystring-es3@0.2.1
66 silly idealTree ├── querystring@0.2.0
66 silly idealTree ├── randomatic@1.1.6
66 silly idealTree ├── randombytes@2.0.3
66 silly idealTree ├── range-parser@1.2.0
66 silly idealTree ├── read-pkg-up@1.0.1
66 silly idealTree ├── read-pkg@1.1.0
66 silly idealTree ├── readable-stream@2.2.9
66 silly idealTree ├── readdirp@2.1.0
66 silly idealTree ├── readline2@1.0.1
66 silly idealTree ├── rechoir@0.6.2
66 silly idealTree ├── reduce-css-calc@1.3.0
66 silly idealTree ├── reduce-function-call@1.0.2
66 silly idealTree ├── regenerate@1.3.2
66 silly idealTree ├── regenerator-runtime@0.10.5
66 silly idealTree ├── regenerator-transform@0.9.11
66 silly idealTree ├── regex-cache@0.4.3
66 silly idealTree ├── regexpu-core@2.0.0
66 silly idealTree ├── regjsgen@0.2.0
66 silly idealTree ├─┬ regjsparser@0.1.5
66 silly idealTree │ └── jsesc@0.5.0
66 silly idealTree ├── relateurl@0.2.7
66 silly idealTree ├── remove-trailing-separator@1.0.1
66 silly idealTree ├─┬ renderkid@2.0.1
66 silly idealTree │ ├── domhandler@2.1.0
66 silly idealTree │ ├── domutils@1.1.6
66 silly idealTree │ ├── htmlparser2@3.3.0
66 silly idealTree │ ├── isarray@0.0.1
66 silly idealTree │ ├── readable-stream@1.0.34
66 silly idealTree │ ├── string_decoder@0.10.31
66 silly idealTree │ └── utila@0.3.3
66 silly idealTree ├── repeat-element@1.1.2
66 silly idealTree ├── repeat-string@1.6.1
66 silly idealTree ├── repeating@2.0.1
66 silly idealTree ├── require-directory@2.1.1
66 silly idealTree ├── require-from-string@1.2.1
66 silly idealTree ├── require-main-filename@1.0.1
66 silly idealTree ├── require-uncached@1.0.3
66 silly idealTree ├── requires-port@1.0.0
66 silly idealTree ├── resolve-from@1.0.1
66 silly idealTree ├── resolve@1.3.3
66 silly idealTree ├── restore-cursor@1.0.1
66 silly idealTree ├── right-align@0.1.3
66 silly idealTree ├─┬ rimraf@2.6.1
66 silly idealTree │ └── glob@7.1.2
66 silly idealTree ├── ripemd160@2.0.1
66 silly idealTree ├── run-async@0.1.0
66 silly idealTree ├── rx-lite@3.1.2
66 silly idealTree ├── safe-buffer@5.0.1
66 silly idealTree ├── sax@1.2.2
66 silly idealTree ├── semver@5.3.0
66 silly idealTree ├─┬ send@0.15.3
66 silly idealTree │ └── debug@2.6.7
66 silly idealTree ├── serve-static@1.12.3
66 silly idealTree ├── set-blocking@2.0.0
66 silly idealTree ├── set-immediate-shim@1.0.1
66 silly idealTree ├── setimmediate@1.0.5
66 silly idealTree ├── setprototypeof@1.0.3
66 silly idealTree ├── sha.js@2.4.8
66 silly idealTree ├─┬ shelljs@0.7.7
66 silly idealTree │ └── glob@7.1.2
66 silly idealTree ├── sigmund@1.0.1
66 silly idealTree ├── signal-exit@3.0.2
66 silly idealTree ├── slash@1.0.0
66 silly idealTree ├── slice-ansi@0.0.4
66 silly idealTree ├── sort-keys@1.1.2
66 silly idealTree ├── source-list-map@0.1.8
66 silly idealTree ├── source-map-support@0.4.15
66 silly idealTree ├── source-map@0.5.6
66 silly idealTree ├── spdx-correct@1.0.2
66 silly idealTree ├── spdx-expression-parse@1.0.4
66 silly idealTree ├── spdx-license-ids@1.2.2
66 silly idealTree ├── sprintf-js@1.0.3
66 silly idealTree ├── stackframe@1.0.3
66 silly idealTree ├── statuses@1.3.1
66 silly idealTree ├── stream-browserify@2.0.1
66 silly idealTree ├── stream-http@2.7.1
66 silly idealTree ├── strict-uri-encode@1.1.0
66 silly idealTree ├── string_decoder@1.0.1
66 silly idealTree ├── string-length@1.0.1
66 silly idealTree ├── string-width@1.0.2
66 silly idealTree ├── strip-ansi@3.0.1
66 silly idealTree ├── strip-bom@3.0.0
66 silly idealTree ├── strip-json-comments@2.0.1
66 silly idealTree ├── supports-color@3.2.3
66 silly idealTree ├── svgo@0.7.2
66 silly idealTree ├─┬ table@3.8.3
66 silly idealTree │ ├── is-fullwidth-code-point@2.0.0
66 silly idealTree │ └── string-width@2.0.0
66 silly idealTree ├── tapable@0.2.6
66 silly idealTree ├── text-table@0.2.0
66 silly idealTree ├── through@2.3.8
66 silly idealTree ├── timers-browserify@2.0.2
66 silly idealTree ├── to-arraybuffer@1.0.1
66 silly idealTree ├── to-fast-properties@1.0.3
66 silly idealTree ├── toposort@1.0.3
66 silly idealTree ├── trim-right@1.0.1
66 silly idealTree ├── tryit@1.0.3
66 silly idealTree ├── tty-browserify@0.0.0
66 silly idealTree ├── type-check@0.3.2
66 silly idealTree ├── type-is@1.6.15
66 silly idealTree ├── typedarray@0.0.6
66 silly idealTree ├── uglify-js@3.0.13
66 silly idealTree ├── uglify-to-browserify@1.0.2
66 silly idealTree ├── ultron@1.1.0
66 silly idealTree ├── underscore@1.8.3
66 silly idealTree ├── uniq@1.0.1
66 silly idealTree ├── uniqid@4.1.1
66 silly idealTree ├── uniqs@2.0.0
66 silly idealTree ├── unpipe@1.0.0
66 silly idealTree ├── upper-case@1.1.3
66 silly idealTree ├─┬ url-loader@0.5.8
66 silly idealTree │ └── loader-utils@1.1.0
66 silly idealTree ├─┬ url@0.11.0
66 silly idealTree │ └── punycode@1.3.2
66 silly idealTree ├── user-home@2.0.0
66 silly idealTree ├── util-deprecate@1.0.2
66 silly idealTree ├─┬ util@0.10.3
66 silly idealTree │ └── inherits@2.0.1
66 silly idealTree ├── utila@0.4.0
66 silly idealTree ├── utils-merge@1.0.0
66 silly idealTree ├── validate-npm-package-license@3.0.1
66 silly idealTree ├── vary@1.1.1
66 silly idealTree ├── vendors@1.0.1
66 silly idealTree ├── vm-browserify@0.0.4
66 silly idealTree ├── vue-hot-reload-api@2.1.0
66 silly idealTree ├─┬ vue-loader@12.2.1
66 silly idealTree │ └── loader-utils@1.1.0
66 silly idealTree ├── vue-router@2.5.3
66 silly idealTree ├─┬ vue-style-loader@3.0.1
66 silly idealTree │ └── loader-utils@1.1.0
66 silly idealTree ├── vue-template-compiler@2.3.3
66 silly idealTree ├── vue-template-es2015-compiler@1.5.2
66 silly idealTree ├── vue@2.3.3
66 silly idealTree ├── watchpack@1.3.1
66 silly idealTree ├── webpack-bundle-analyzer@2.8.2
66 silly idealTree ├── webpack-dev-middleware@1.10.2
66 silly idealTree ├── webpack-hot-middleware@2.18.0
66 silly idealTree ├── webpack-merge@4.1.0
66 silly idealTree ├── webpack-sources@0.1.5
66 silly idealTree ├─┬ webpack@2.6.1
66 silly idealTree │ ├── source-list-map@1.1.2
66 silly idealTree │ ├─┬ uglify-js@2.8.27
66 silly idealTree │ │ └── yargs@3.10.0
66 silly idealTree │ └── webpack-sources@0.2.3
66 silly idealTree ├── whet.extend@0.9.9
66 silly idealTree ├── which-module@1.0.0
66 silly idealTree ├── window-size@0.1.0
66 silly idealTree ├── wordwrap@1.0.0
66 silly idealTree ├── wrap-ansi@2.1.0
66 silly idealTree ├── wrappy@1.0.2
66 silly idealTree ├── write@0.2.1
66 silly idealTree ├── ws@2.3.1
66 silly idealTree ├── xml-char-classes@1.0.0
66 silly idealTree ├── xtend@4.0.1
66 silly idealTree ├── y18n@3.2.1
66 silly idealTree ├── yallist@2.1.2
66 silly idealTree ├─┬ yargs-parser@4.2.1
66 silly idealTree │ └── camelcase@3.0.0
66 silly idealTree └─┬ yargs@6.6.0
66 silly idealTree   ├── camelcase@3.0.0
66 silly idealTree   └── cliui@3.2.0
67 silly generateActionsToTake Starting
68 silly install generateActionsToTake
69 warn checkPermissions Missing write access to /Users/fzhang/Desktop/wordcloud/node_modules/d3
70 silly rollbackFailedOptional Starting
71 silly rollbackFailedOptional Finishing
72 silly runTopLevelLifecycles Finishing
73 silly install printInstalled
74 verbose stack Error: ENOENT: no such file or directory, access '/Users/fzhang/Desktop/wordcloud/node_modules/d3'
75 verbose cwd /Users/fzhang/Desktop/wordcloud
76 error Darwin 15.6.0
77 error argv "/usr/local/Cellar/node/7.7.2/bin/node" "/usr/local/bin/npm" "install" "d3"
78 error node v7.7.2
79 error npm  v4.1.2
80 error path /Users/fzhang/Desktop/wordcloud/node_modules/d3
81 error code ENOENT
82 error errno -2
83 error syscall access
84 error enoent ENOENT: no such file or directory, access '/Users/fzhang/Desktop/wordcloud/node_modules/d3'
85 error enoent ENOENT: no such file or directory, access '/Users/fzhang/Desktop/wordcloud/node_modules/d3'
85 error enoent This is most likely not a problem with npm itself
85 error enoent and is related to npm not being able to find a file.
86 verbose exit [ -2, true ]
